INFO 2025-09-21 02:33:53,506 autoreload Watching for file changes with StatReloader
INFO 2025-09-21 02:39:43,429 autoreload C:\Users\prathmesh\Desktop\SmartAllot\core\models.py changed, reloading.
INFO 2025-09-21 02:39:44,853 autoreload Watching for file changes with StatReloader
INFO 2025-09-23 23:56:38,012 autoreload Watching for file changes with StatReloader
ERROR 2025-09-23 23:56:42,799 log Internal Server Error: /
Traceback (most recent call last):
  File "C:\Users\prathmesh\AppData\Local\Programs\Python\Python313\Lib\site-packages\django\core\handlers\exception.py", line 55, in inner
    response = get_response(request)
  File "C:\Users\prathmesh\AppData\Local\Programs\Python\Python313\Lib\site-packages\django\core\handlers\base.py", line 197, in _get_response
    response = wrapped_callback(request, *callback_args, **callback_kwargs)
  File "C:\Users\prathmesh\Desktop\SmartAllot\core\views.py", line 17, in home
    return render(request, 'home.html')
  File "C:\Users\prathmesh\AppData\Local\Programs\Python\Python313\Lib\site-packages\django\shortcuts.py", line 24, in render
    content = loader.render_to_string(template_name, context, request, using=using)
  File "C:\Users\prathmesh\AppData\Local\Programs\Python\Python313\Lib\site-packages\django\template\loader.py", line 62, in render_to_string
    return template.render(context, request)
           ~~~~~~~~~~~~~~~^^^^^^^^^^^^^^^^^^
  File "C:\Users\prathmesh\AppData\Local\Programs\Python\Python313\Lib\site-packages\django\template\backends\django.py", line 61, in render
    return self.template.render(context)
           ~~~~~~~~~~~~~~~~~~~~^^^^^^^^^
  File "C:\Users\prathmesh\AppData\Local\Programs\Python\Python313\Lib\site-packages\django\template\base.py", line 171, in render
    return self._render(context)
           ~~~~~~~~~~~~^^^^^^^^^
  File "C:\Users\prathmesh\AppData\Local\Programs\Python\Python313\Lib\site-packages\django\template\base.py", line 163, in _render
    return self.nodelist.render(context)
           ~~~~~~~~~~~~~~~~~~~~^^^^^^^^^
  File "C:\Users\prathmesh\AppData\Local\Programs\Python\Python313\Lib\site-packages\django\template\base.py", line 1000, in render
    return SafeString("".join([node.render_annotated(context) for node in self]))
                               ~~~~~~~~~~~~~~~~~~~~~^^^^^^^^^
  File "C:\Users\prathmesh\AppData\Local\Programs\Python\Python313\Lib\site-packages\django\template\base.py", line 961, in render_annotated
    return self.render(context)
           ~~~~~~~~~~~^^^^^^^^^
  File "C:\Users\prathmesh\AppData\Local\Programs\Python\Python313\Lib\site-packages\django\template\loader_tags.py", line 159, in render
    return compiled_parent._render(context)
           ~~~~~~~~~~~~~~~~~~~~~~~^^^^^^^^^
  File "C:\Users\prathmesh\AppData\Local\Programs\Python\Python313\Lib\site-packages\django\template\base.py", line 163, in _render
    return self.nodelist.render(context)
           ~~~~~~~~~~~~~~~~~~~~^^^^^^^^^
  File "C:\Users\prathmesh\AppData\Local\Programs\Python\Python313\Lib\site-packages\django\template\base.py", line 1000, in render
    return SafeString("".join([node.render_annotated(context) for node in self]))
                               ~~~~~~~~~~~~~~~~~~~~~^^^^^^^^^
  File "C:\Users\prathmesh\AppData\Local\Programs\Python\Python313\Lib\site-packages\django\template\base.py", line 961, in render_annotated
    return self.render(context)
           ~~~~~~~~~~~^^^^^^^^^
  File "C:\Users\prathmesh\AppData\Local\Programs\Python\Python313\Lib\site-packages\django\template\defaulttags.py", line 478, in render
    url = reverse(view_name, args=args, kwargs=kwargs, current_app=current_app)
  File "C:\Users\prathmesh\AppData\Local\Programs\Python\Python313\Lib\site-packages\django\urls\base.py", line 88, in reverse
    return resolver._reverse_with_prefix(view, prefix, *args, **kwargs)
           ~~~~~~~~~~~~~~~~~~~~~~~~~~~~~^^^^^^^^^^^^^^^^^^^^^^^^^^^^^^^
  File "C:\Users\prathmesh\AppData\Local\Programs\Python\Python313\Lib\site-packages\django\urls\resolvers.py", line 848, in _reverse_with_prefix
    raise NoReverseMatch(msg)
django.urls.exceptions.NoReverseMatch: Reverse for 'home' not found. 'home' is not a valid view function or pattern name.
ERROR 2025-09-23 23:56:42,809 basehttp "GET / HTTP/1.1" 500 133812
WARNING 2025-09-23 23:56:43,258 log Not Found: /favicon.ico
WARNING 2025-09-23 23:56:43,260 basehttp "GET /favicon.ico HTTP/1.1" 404 3566
INFO 2025-09-24 00:03:27,506 autoreload C:\Users\prathmesh\Desktop\SmartAllot\core\forms.py changed, reloading.
INFO 2025-09-24 00:03:29,225 autoreload Watching for file changes with StatReloader
ERROR 2025-09-24 00:03:34,194 log Internal Server Error: /
Traceback (most recent call last):
  File "C:\Users\prathmesh\AppData\Local\Programs\Python\Python313\Lib\site-packages\django\core\handlers\exception.py", line 55, in inner
    response = get_response(request)
  File "C:\Users\prathmesh\AppData\Local\Programs\Python\Python313\Lib\site-packages\django\core\handlers\base.py", line 197, in _get_response
    response = wrapped_callback(request, *callback_args, **callback_kwargs)
  File "C:\Users\prathmesh\Desktop\SmartAllot\core\views.py", line 17, in home
    return render(request, 'home.html')
  File "C:\Users\prathmesh\AppData\Local\Programs\Python\Python313\Lib\site-packages\django\shortcuts.py", line 24, in render
    content = loader.render_to_string(template_name, context, request, using=using)
  File "C:\Users\prathmesh\AppData\Local\Programs\Python\Python313\Lib\site-packages\django\template\loader.py", line 62, in render_to_string
    return template.render(context, request)
           ~~~~~~~~~~~~~~~^^^^^^^^^^^^^^^^^^
  File "C:\Users\prathmesh\AppData\Local\Programs\Python\Python313\Lib\site-packages\django\template\backends\django.py", line 61, in render
    return self.template.render(context)
           ~~~~~~~~~~~~~~~~~~~~^^^^^^^^^
  File "C:\Users\prathmesh\AppData\Local\Programs\Python\Python313\Lib\site-packages\django\template\base.py", line 171, in render
    return self._render(context)
           ~~~~~~~~~~~~^^^^^^^^^
  File "C:\Users\prathmesh\AppData\Local\Programs\Python\Python313\Lib\site-packages\django\template\base.py", line 163, in _render
    return self.nodelist.render(context)
           ~~~~~~~~~~~~~~~~~~~~^^^^^^^^^
  File "C:\Users\prathmesh\AppData\Local\Programs\Python\Python313\Lib\site-packages\django\template\base.py", line 1000, in render
    return SafeString("".join([node.render_annotated(context) for node in self]))
                               ~~~~~~~~~~~~~~~~~~~~~^^^^^^^^^
  File "C:\Users\prathmesh\AppData\Local\Programs\Python\Python313\Lib\site-packages\django\template\base.py", line 961, in render_annotated
    return self.render(context)
           ~~~~~~~~~~~^^^^^^^^^
  File "C:\Users\prathmesh\AppData\Local\Programs\Python\Python313\Lib\site-packages\django\template\loader_tags.py", line 159, in render
    return compiled_parent._render(context)
           ~~~~~~~~~~~~~~~~~~~~~~~^^^^^^^^^
  File "C:\Users\prathmesh\AppData\Local\Programs\Python\Python313\Lib\site-packages\django\template\base.py", line 163, in _render
    return self.nodelist.render(context)
           ~~~~~~~~~~~~~~~~~~~~^^^^^^^^^
  File "C:\Users\prathmesh\AppData\Local\Programs\Python\Python313\Lib\site-packages\django\template\base.py", line 1000, in render
    return SafeString("".join([node.render_annotated(context) for node in self]))
                               ~~~~~~~~~~~~~~~~~~~~~^^^^^^^^^
  File "C:\Users\prathmesh\AppData\Local\Programs\Python\Python313\Lib\site-packages\django\template\base.py", line 961, in render_annotated
    return self.render(context)
           ~~~~~~~~~~~^^^^^^^^^
  File "C:\Users\prathmesh\AppData\Local\Programs\Python\Python313\Lib\site-packages\django\template\defaulttags.py", line 478, in render
    url = reverse(view_name, args=args, kwargs=kwargs, current_app=current_app)
  File "C:\Users\prathmesh\AppData\Local\Programs\Python\Python313\Lib\site-packages\django\urls\base.py", line 88, in reverse
    return resolver._reverse_with_prefix(view, prefix, *args, **kwargs)
           ~~~~~~~~~~~~~~~~~~~~~~~~~~~~~^^^^^^^^^^^^^^^^^^^^^^^^^^^^^^^
  File "C:\Users\prathmesh\AppData\Local\Programs\Python\Python313\Lib\site-packages\django\urls\resolvers.py", line 848, in _reverse_with_prefix
    raise NoReverseMatch(msg)
django.urls.exceptions.NoReverseMatch: Reverse for 'home' not found. 'home' is not a valid view function or pattern name.
ERROR 2025-09-24 00:03:34,203 basehttp "GET / HTTP/1.1" 500 133812
INFO 2025-09-24 00:10:49,422 autoreload C:\Users\prathmesh\Desktop\SmartAllot\core\urls.py changed, reloading.
INFO 2025-09-24 00:10:51,066 autoreload Watching for file changes with StatReloader
ERROR 2025-09-24 00:10:56,885 log Internal Server Error: /
Traceback (most recent call last):
  File "C:\Users\prathmesh\AppData\Local\Programs\Python\Python313\Lib\site-packages\django\core\handlers\exception.py", line 55, in inner
    response = get_response(request)
  File "C:\Users\prathmesh\AppData\Local\Programs\Python\Python313\Lib\site-packages\django\core\handlers\base.py", line 197, in _get_response
    response = wrapped_callback(request, *callback_args, **callback_kwargs)
  File "C:\Users\prathmesh\Desktop\SmartAllot\core\views.py", line 17, in home
    return render(request, 'home.html')
  File "C:\Users\prathmesh\AppData\Local\Programs\Python\Python313\Lib\site-packages\django\shortcuts.py", line 24, in render
    content = loader.render_to_string(template_name, context, request, using=using)
  File "C:\Users\prathmesh\AppData\Local\Programs\Python\Python313\Lib\site-packages\django\template\loader.py", line 62, in render_to_string
    return template.render(context, request)
           ~~~~~~~~~~~~~~~^^^^^^^^^^^^^^^^^^
  File "C:\Users\prathmesh\AppData\Local\Programs\Python\Python313\Lib\site-packages\django\template\backends\django.py", line 61, in render
    return self.template.render(context)
           ~~~~~~~~~~~~~~~~~~~~^^^^^^^^^
  File "C:\Users\prathmesh\AppData\Local\Programs\Python\Python313\Lib\site-packages\django\template\base.py", line 171, in render
    return self._render(context)
           ~~~~~~~~~~~~^^^^^^^^^
  File "C:\Users\prathmesh\AppData\Local\Programs\Python\Python313\Lib\site-packages\django\template\base.py", line 163, in _render
    return self.nodelist.render(context)
           ~~~~~~~~~~~~~~~~~~~~^^^^^^^^^
  File "C:\Users\prathmesh\AppData\Local\Programs\Python\Python313\Lib\site-packages\django\template\base.py", line 1000, in render
    return SafeString("".join([node.render_annotated(context) for node in self]))
                               ~~~~~~~~~~~~~~~~~~~~~^^^^^^^^^
  File "C:\Users\prathmesh\AppData\Local\Programs\Python\Python313\Lib\site-packages\django\template\base.py", line 961, in render_annotated
    return self.render(context)
           ~~~~~~~~~~~^^^^^^^^^
  File "C:\Users\prathmesh\AppData\Local\Programs\Python\Python313\Lib\site-packages\django\template\loader_tags.py", line 159, in render
    return compiled_parent._render(context)
           ~~~~~~~~~~~~~~~~~~~~~~~^^^^^^^^^
  File "C:\Users\prathmesh\AppData\Local\Programs\Python\Python313\Lib\site-packages\django\template\base.py", line 163, in _render
    return self.nodelist.render(context)
           ~~~~~~~~~~~~~~~~~~~~^^^^^^^^^
  File "C:\Users\prathmesh\AppData\Local\Programs\Python\Python313\Lib\site-packages\django\template\base.py", line 1000, in render
    return SafeString("".join([node.render_annotated(context) for node in self]))
                               ~~~~~~~~~~~~~~~~~~~~~^^^^^^^^^
  File "C:\Users\prathmesh\AppData\Local\Programs\Python\Python313\Lib\site-packages\django\template\base.py", line 961, in render_annotated
    return self.render(context)
           ~~~~~~~~~~~^^^^^^^^^
  File "C:\Users\prathmesh\AppData\Local\Programs\Python\Python313\Lib\site-packages\django\template\defaulttags.py", line 478, in render
    url = reverse(view_name, args=args, kwargs=kwargs, current_app=current_app)
  File "C:\Users\prathmesh\AppData\Local\Programs\Python\Python313\Lib\site-packages\django\urls\base.py", line 88, in reverse
    return resolver._reverse_with_prefix(view, prefix, *args, **kwargs)
           ~~~~~~~~~~~~~~~~~~~~~~~~~~~~~^^^^^^^^^^^^^^^^^^^^^^^^^^^^^^^
  File "C:\Users\prathmesh\AppData\Local\Programs\Python\Python313\Lib\site-packages\django\urls\resolvers.py", line 848, in _reverse_with_prefix
    raise NoReverseMatch(msg)
django.urls.exceptions.NoReverseMatch: Reverse for 'home' not found. 'home' is not a valid view function or pattern name.
ERROR 2025-09-24 00:10:56,897 basehttp "GET / HTTP/1.1" 500 133812
INFO 2025-09-24 00:17:03,675 autoreload C:\Users\prathmesh\Desktop\SmartAllot\core\urls.py changed, reloading.
INFO 2025-09-24 00:17:05,367 autoreload Watching for file changes with StatReloader
INFO 2025-09-24 00:17:35,052 autoreload C:\Users\prathmesh\Desktop\SmartAllot\core\urls.py changed, reloading.
INFO 2025-09-24 00:17:36,809 autoreload Watching for file changes with StatReloader
INFO 2025-09-24 00:17:53,988 autoreload C:\Users\prathmesh\Desktop\SmartAllot\core\urls.py changed, reloading.
INFO 2025-09-24 00:17:55,660 autoreload Watching for file changes with StatReloader
ERROR 2025-09-24 00:17:58,210 log Internal Server Error: /
Traceback (most recent call last):
  File "C:\Users\prathmesh\AppData\Local\Programs\Python\Python313\Lib\site-packages\django\core\handlers\exception.py", line 55, in inner
    response = get_response(request)
  File "C:\Users\prathmesh\AppData\Local\Programs\Python\Python313\Lib\site-packages\django\core\handlers\base.py", line 197, in _get_response
    response = wrapped_callback(request, *callback_args, **callback_kwargs)
  File "C:\Users\prathmesh\Desktop\SmartAllot\core\views.py", line 17, in home
    return render(request, 'home.html')
  File "C:\Users\prathmesh\AppData\Local\Programs\Python\Python313\Lib\site-packages\django\shortcuts.py", line 24, in render
    content = loader.render_to_string(template_name, context, request, using=using)
  File "C:\Users\prathmesh\AppData\Local\Programs\Python\Python313\Lib\site-packages\django\template\loader.py", line 62, in render_to_string
    return template.render(context, request)
           ~~~~~~~~~~~~~~~^^^^^^^^^^^^^^^^^^
  File "C:\Users\prathmesh\AppData\Local\Programs\Python\Python313\Lib\site-packages\django\template\backends\django.py", line 61, in render
    return self.template.render(context)
           ~~~~~~~~~~~~~~~~~~~~^^^^^^^^^
  File "C:\Users\prathmesh\AppData\Local\Programs\Python\Python313\Lib\site-packages\django\template\base.py", line 171, in render
    return self._render(context)
           ~~~~~~~~~~~~^^^^^^^^^
  File "C:\Users\prathmesh\AppData\Local\Programs\Python\Python313\Lib\site-packages\django\template\base.py", line 163, in _render
    return self.nodelist.render(context)
           ~~~~~~~~~~~~~~~~~~~~^^^^^^^^^
  File "C:\Users\prathmesh\AppData\Local\Programs\Python\Python313\Lib\site-packages\django\template\base.py", line 1000, in render
    return SafeString("".join([node.render_annotated(context) for node in self]))
                               ~~~~~~~~~~~~~~~~~~~~~^^^^^^^^^
  File "C:\Users\prathmesh\AppData\Local\Programs\Python\Python313\Lib\site-packages\django\template\base.py", line 961, in render_annotated
    return self.render(context)
           ~~~~~~~~~~~^^^^^^^^^
  File "C:\Users\prathmesh\AppData\Local\Programs\Python\Python313\Lib\site-packages\django\template\loader_tags.py", line 159, in render
    return compiled_parent._render(context)
           ~~~~~~~~~~~~~~~~~~~~~~~^^^^^^^^^
  File "C:\Users\prathmesh\AppData\Local\Programs\Python\Python313\Lib\site-packages\django\template\base.py", line 163, in _render
    return self.nodelist.render(context)
           ~~~~~~~~~~~~~~~~~~~~^^^^^^^^^
  File "C:\Users\prathmesh\AppData\Local\Programs\Python\Python313\Lib\site-packages\django\template\base.py", line 1000, in render
    return SafeString("".join([node.render_annotated(context) for node in self]))
                               ~~~~~~~~~~~~~~~~~~~~~^^^^^^^^^
  File "C:\Users\prathmesh\AppData\Local\Programs\Python\Python313\Lib\site-packages\django\template\base.py", line 961, in render_annotated
    return self.render(context)
           ~~~~~~~~~~~^^^^^^^^^
  File "C:\Users\prathmesh\AppData\Local\Programs\Python\Python313\Lib\site-packages\django\template\defaulttags.py", line 478, in render
    url = reverse(view_name, args=args, kwargs=kwargs, current_app=current_app)
  File "C:\Users\prathmesh\AppData\Local\Programs\Python\Python313\Lib\site-packages\django\urls\base.py", line 88, in reverse
    return resolver._reverse_with_prefix(view, prefix, *args, **kwargs)
           ~~~~~~~~~~~~~~~~~~~~~~~~~~~~~^^^^^^^^^^^^^^^^^^^^^^^^^^^^^^^
  File "C:\Users\prathmesh\AppData\Local\Programs\Python\Python313\Lib\site-packages\django\urls\resolvers.py", line 848, in _reverse_with_prefix
    raise NoReverseMatch(msg)
django.urls.exceptions.NoReverseMatch: Reverse for 'home' not found. 'home' is not a valid view function or pattern name.
ERROR 2025-09-24 00:17:58,224 basehttp "GET / HTTP/1.1" 500 133812
INFO 2025-09-24 00:20:29,823 autoreload Watching for file changes with StatReloader
ERROR 2025-09-24 00:20:32,646 log Internal Server Error: /
Traceback (most recent call last):
  File "C:\Users\prathmesh\AppData\Local\Programs\Python\Python313\Lib\site-packages\django\core\handlers\exception.py", line 55, in inner
    response = get_response(request)
  File "C:\Users\prathmesh\AppData\Local\Programs\Python\Python313\Lib\site-packages\django\core\handlers\base.py", line 197, in _get_response
    response = wrapped_callback(request, *callback_args, **callback_kwargs)
  File "C:\Users\prathmesh\Desktop\SmartAllot\core\views.py", line 17, in home
    return render(request, 'home.html')
  File "C:\Users\prathmesh\AppData\Local\Programs\Python\Python313\Lib\site-packages\django\shortcuts.py", line 24, in render
    content = loader.render_to_string(template_name, context, request, using=using)
  File "C:\Users\prathmesh\AppData\Local\Programs\Python\Python313\Lib\site-packages\django\template\loader.py", line 62, in render_to_string
    return template.render(context, request)
           ~~~~~~~~~~~~~~~^^^^^^^^^^^^^^^^^^
  File "C:\Users\prathmesh\AppData\Local\Programs\Python\Python313\Lib\site-packages\django\template\backends\django.py", line 61, in render
    return self.template.render(context)
           ~~~~~~~~~~~~~~~~~~~~^^^^^^^^^
  File "C:\Users\prathmesh\AppData\Local\Programs\Python\Python313\Lib\site-packages\django\template\base.py", line 171, in render
    return self._render(context)
           ~~~~~~~~~~~~^^^^^^^^^
  File "C:\Users\prathmesh\AppData\Local\Programs\Python\Python313\Lib\site-packages\django\template\base.py", line 163, in _render
    return self.nodelist.render(context)
           ~~~~~~~~~~~~~~~~~~~~^^^^^^^^^
  File "C:\Users\prathmesh\AppData\Local\Programs\Python\Python313\Lib\site-packages\django\template\base.py", line 1000, in render
    return SafeString("".join([node.render_annotated(context) for node in self]))
                               ~~~~~~~~~~~~~~~~~~~~~^^^^^^^^^
  File "C:\Users\prathmesh\AppData\Local\Programs\Python\Python313\Lib\site-packages\django\template\base.py", line 961, in render_annotated
    return self.render(context)
           ~~~~~~~~~~~^^^^^^^^^
  File "C:\Users\prathmesh\AppData\Local\Programs\Python\Python313\Lib\site-packages\django\template\loader_tags.py", line 159, in render
    return compiled_parent._render(context)
           ~~~~~~~~~~~~~~~~~~~~~~~^^^^^^^^^
  File "C:\Users\prathmesh\AppData\Local\Programs\Python\Python313\Lib\site-packages\django\template\base.py", line 163, in _render
    return self.nodelist.render(context)
           ~~~~~~~~~~~~~~~~~~~~^^^^^^^^^
  File "C:\Users\prathmesh\AppData\Local\Programs\Python\Python313\Lib\site-packages\django\template\base.py", line 1000, in render
    return SafeString("".join([node.render_annotated(context) for node in self]))
                               ~~~~~~~~~~~~~~~~~~~~~^^^^^^^^^
  File "C:\Users\prathmesh\AppData\Local\Programs\Python\Python313\Lib\site-packages\django\template\base.py", line 961, in render_annotated
    return self.render(context)
           ~~~~~~~~~~~^^^^^^^^^
  File "C:\Users\prathmesh\AppData\Local\Programs\Python\Python313\Lib\site-packages\django\template\defaulttags.py", line 325, in render
    return nodelist.render(context)
           ~~~~~~~~~~~~~~~^^^^^^^^^
  File "C:\Users\prathmesh\AppData\Local\Programs\Python\Python313\Lib\site-packages\django\template\base.py", line 1000, in render
    return SafeString("".join([node.render_annotated(context) for node in self]))
                               ~~~~~~~~~~~~~~~~~~~~~^^^^^^^^^
  File "C:\Users\prathmesh\AppData\Local\Programs\Python\Python313\Lib\site-packages\django\template\base.py", line 961, in render_annotated
    return self.render(context)
           ~~~~~~~~~~~^^^^^^^^^
  File "C:\Users\prathmesh\AppData\Local\Programs\Python\Python313\Lib\site-packages\django\template\defaulttags.py", line 478, in render
    url = reverse(view_name, args=args, kwargs=kwargs, current_app=current_app)
  File "C:\Users\prathmesh\AppData\Local\Programs\Python\Python313\Lib\site-packages\django\urls\base.py", line 88, in reverse
    return resolver._reverse_with_prefix(view, prefix, *args, **kwargs)
           ~~~~~~~~~~~~~~~~~~~~~~~~~~~~~^^^^^^^^^^^^^^^^^^^^^^^^^^^^^^^
  File "C:\Users\prathmesh\AppData\Local\Programs\Python\Python313\Lib\site-packages\django\urls\resolvers.py", line 848, in _reverse_with_prefix
    raise NoReverseMatch(msg)
django.urls.exceptions.NoReverseMatch: Reverse for 'login' not found. 'login' is not a valid view function or pattern name.
ERROR 2025-09-24 00:20:32,655 basehttp "GET / HTTP/1.1" 500 146414
INFO 2025-09-24 00:28:08,996 autoreload Watching for file changes with StatReloader
ERROR 2025-09-24 00:28:11,817 log Internal Server Error: /
Traceback (most recent call last):
  File "C:\Users\prathmesh\AppData\Local\Programs\Python\Python313\Lib\site-packages\django\core\handlers\exception.py", line 55, in inner
    response = get_response(request)
  File "C:\Users\prathmesh\AppData\Local\Programs\Python\Python313\Lib\site-packages\django\core\handlers\base.py", line 197, in _get_response
    response = wrapped_callback(request, *callback_args, **callback_kwargs)
  File "C:\Users\prathmesh\Desktop\SmartAllot\core\views.py", line 17, in home
    return render(request, 'home.html')
  File "C:\Users\prathmesh\AppData\Local\Programs\Python\Python313\Lib\site-packages\django\shortcuts.py", line 24, in render
    content = loader.render_to_string(template_name, context, request, using=using)
  File "C:\Users\prathmesh\AppData\Local\Programs\Python\Python313\Lib\site-packages\django\template\loader.py", line 62, in render_to_string
    return template.render(context, request)
           ~~~~~~~~~~~~~~~^^^^^^^^^^^^^^^^^^
  File "C:\Users\prathmesh\AppData\Local\Programs\Python\Python313\Lib\site-packages\django\template\backends\django.py", line 61, in render
    return self.template.render(context)
           ~~~~~~~~~~~~~~~~~~~~^^^^^^^^^
  File "C:\Users\prathmesh\AppData\Local\Programs\Python\Python313\Lib\site-packages\django\template\base.py", line 171, in render
    return self._render(context)
           ~~~~~~~~~~~~^^^^^^^^^
  File "C:\Users\prathmesh\AppData\Local\Programs\Python\Python313\Lib\site-packages\django\template\base.py", line 163, in _render
    return self.nodelist.render(context)
           ~~~~~~~~~~~~~~~~~~~~^^^^^^^^^
  File "C:\Users\prathmesh\AppData\Local\Programs\Python\Python313\Lib\site-packages\django\template\base.py", line 1000, in render
    return SafeString("".join([node.render_annotated(context) for node in self]))
                               ~~~~~~~~~~~~~~~~~~~~~^^^^^^^^^
  File "C:\Users\prathmesh\AppData\Local\Programs\Python\Python313\Lib\site-packages\django\template\base.py", line 961, in render_annotated
    return self.render(context)
           ~~~~~~~~~~~^^^^^^^^^
  File "C:\Users\prathmesh\AppData\Local\Programs\Python\Python313\Lib\site-packages\django\template\loader_tags.py", line 159, in render
    return compiled_parent._render(context)
           ~~~~~~~~~~~~~~~~~~~~~~~^^^^^^^^^
  File "C:\Users\prathmesh\AppData\Local\Programs\Python\Python313\Lib\site-packages\django\template\base.py", line 163, in _render
    return self.nodelist.render(context)
           ~~~~~~~~~~~~~~~~~~~~^^^^^^^^^
  File "C:\Users\prathmesh\AppData\Local\Programs\Python\Python313\Lib\site-packages\django\template\base.py", line 1000, in render
    return SafeString("".join([node.render_annotated(context) for node in self]))
                               ~~~~~~~~~~~~~~~~~~~~~^^^^^^^^^
  File "C:\Users\prathmesh\AppData\Local\Programs\Python\Python313\Lib\site-packages\django\template\base.py", line 961, in render_annotated
    return self.render(context)
           ~~~~~~~~~~~^^^^^^^^^
  File "C:\Users\prathmesh\AppData\Local\Programs\Python\Python313\Lib\site-packages\django\template\loader_tags.py", line 65, in render
    result = block.nodelist.render(context)
  File "C:\Users\prathmesh\AppData\Local\Programs\Python\Python313\Lib\site-packages\django\template\base.py", line 1000, in render
    return SafeString("".join([node.render_annotated(context) for node in self]))
                               ~~~~~~~~~~~~~~~~~~~~~^^^^^^^^^
  File "C:\Users\prathmesh\AppData\Local\Programs\Python\Python313\Lib\site-packages\django\template\base.py", line 961, in render_annotated
    return self.render(context)
           ~~~~~~~~~~~^^^^^^^^^
  File "C:\Users\prathmesh\AppData\Local\Programs\Python\Python313\Lib\site-packages\django\template\defaulttags.py", line 478, in render
    url = reverse(view_name, args=args, kwargs=kwargs, current_app=current_app)
  File "C:\Users\prathmesh\AppData\Local\Programs\Python\Python313\Lib\site-packages\django\urls\base.py", line 88, in reverse
    return resolver._reverse_with_prefix(view, prefix, *args, **kwargs)
           ~~~~~~~~~~~~~~~~~~~~~~~~~~~~~^^^^^^^^^^^^^^^^^^^^^^^^^^^^^^^
  File "C:\Users\prathmesh\AppData\Local\Programs\Python\Python313\Lib\site-packages\django\urls\resolvers.py", line 848, in _reverse_with_prefix
    raise NoReverseMatch(msg)
django.urls.exceptions.NoReverseMatch: Reverse for 'login' not found. 'login' is not a valid view function or pattern name.
ERROR 2025-09-24 00:28:11,825 basehttp "GET / HTTP/1.1" 500 145041
INFO 2025-09-24 00:29:58,084 autoreload Watching for file changes with StatReloader
ERROR 2025-09-24 00:30:02,362 log Internal Server Error: /
Traceback (most recent call last):
  File "C:\Users\prathmesh\AppData\Local\Programs\Python\Python313\Lib\site-packages\django\core\handlers\exception.py", line 55, in inner
    response = get_response(request)
  File "C:\Users\prathmesh\AppData\Local\Programs\Python\Python313\Lib\site-packages\django\core\handlers\base.py", line 197, in _get_response
    response = wrapped_callback(request, *callback_args, **callback_kwargs)
  File "C:\Users\prathmesh\Desktop\SmartAllot\core\views.py", line 17, in home
    return render(request, 'home.html')
  File "C:\Users\prathmesh\AppData\Local\Programs\Python\Python313\Lib\site-packages\django\shortcuts.py", line 24, in render
    content = loader.render_to_string(template_name, context, request, using=using)
  File "C:\Users\prathmesh\AppData\Local\Programs\Python\Python313\Lib\site-packages\django\template\loader.py", line 62, in render_to_string
    return template.render(context, request)
           ~~~~~~~~~~~~~~~^^^^^^^^^^^^^^^^^^
  File "C:\Users\prathmesh\AppData\Local\Programs\Python\Python313\Lib\site-packages\django\template\backends\django.py", line 61, in render
    return self.template.render(context)
           ~~~~~~~~~~~~~~~~~~~~^^^^^^^^^
  File "C:\Users\prathmesh\AppData\Local\Programs\Python\Python313\Lib\site-packages\django\template\base.py", line 171, in render
    return self._render(context)
           ~~~~~~~~~~~~^^^^^^^^^
  File "C:\Users\prathmesh\AppData\Local\Programs\Python\Python313\Lib\site-packages\django\template\base.py", line 163, in _render
    return self.nodelist.render(context)
           ~~~~~~~~~~~~~~~~~~~~^^^^^^^^^
  File "C:\Users\prathmesh\AppData\Local\Programs\Python\Python313\Lib\site-packages\django\template\base.py", line 1000, in render
    return SafeString("".join([node.render_annotated(context) for node in self]))
                               ~~~~~~~~~~~~~~~~~~~~~^^^^^^^^^
  File "C:\Users\prathmesh\AppData\Local\Programs\Python\Python313\Lib\site-packages\django\template\base.py", line 961, in render_annotated
    return self.render(context)
           ~~~~~~~~~~~^^^^^^^^^
  File "C:\Users\prathmesh\AppData\Local\Programs\Python\Python313\Lib\site-packages\django\template\loader_tags.py", line 159, in render
    return compiled_parent._render(context)
           ~~~~~~~~~~~~~~~~~~~~~~~^^^^^^^^^
  File "C:\Users\prathmesh\AppData\Local\Programs\Python\Python313\Lib\site-packages\django\template\base.py", line 163, in _render
    return self.nodelist.render(context)
           ~~~~~~~~~~~~~~~~~~~~^^^^^^^^^
  File "C:\Users\prathmesh\AppData\Local\Programs\Python\Python313\Lib\site-packages\django\template\base.py", line 1000, in render
    return SafeString("".join([node.render_annotated(context) for node in self]))
                               ~~~~~~~~~~~~~~~~~~~~~^^^^^^^^^
  File "C:\Users\prathmesh\AppData\Local\Programs\Python\Python313\Lib\site-packages\django\template\base.py", line 961, in render_annotated
    return self.render(context)
           ~~~~~~~~~~~^^^^^^^^^
  File "C:\Users\prathmesh\AppData\Local\Programs\Python\Python313\Lib\site-packages\django\template\loader_tags.py", line 65, in render
    result = block.nodelist.render(context)
  File "C:\Users\prathmesh\AppData\Local\Programs\Python\Python313\Lib\site-packages\django\template\base.py", line 1000, in render
    return SafeString("".join([node.render_annotated(context) for node in self]))
                               ~~~~~~~~~~~~~~~~~~~~~^^^^^^^^^
  File "C:\Users\prathmesh\AppData\Local\Programs\Python\Python313\Lib\site-packages\django\template\base.py", line 961, in render_annotated
    return self.render(context)
           ~~~~~~~~~~~^^^^^^^^^
  File "C:\Users\prathmesh\AppData\Local\Programs\Python\Python313\Lib\site-packages\django\template\defaulttags.py", line 478, in render
    url = reverse(view_name, args=args, kwargs=kwargs, current_app=current_app)
  File "C:\Users\prathmesh\AppData\Local\Programs\Python\Python313\Lib\site-packages\django\urls\base.py", line 88, in reverse
    return resolver._reverse_with_prefix(view, prefix, *args, **kwargs)
           ~~~~~~~~~~~~~~~~~~~~~~~~~~~~~^^^^^^^^^^^^^^^^^^^^^^^^^^^^^^^
  File "C:\Users\prathmesh\AppData\Local\Programs\Python\Python313\Lib\site-packages\django\urls\resolvers.py", line 848, in _reverse_with_prefix
    raise NoReverseMatch(msg)
django.urls.exceptions.NoReverseMatch: Reverse for 'login' not found. 'login' is not a valid view function or pattern name.
ERROR 2025-09-24 00:30:02,369 basehttp "GET / HTTP/1.1" 500 145041
INFO 2025-09-24 00:32:45,679 autoreload C:\Users\prathmesh\Desktop\SmartAllot\smartallot\settings.py changed, reloading.
INFO 2025-09-24 00:32:47,423 autoreload Watching for file changes with StatReloader
INFO 2025-09-24 00:34:38,796 autoreload C:\Users\prathmesh\Desktop\SmartAllot\smartallot\settings.py changed, reloading.
INFO 2025-09-24 00:34:40,711 autoreload Watching for file changes with StatReloader
ERROR 2025-09-24 00:34:44,845 log Internal Server Error: /
Traceback (most recent call last):
  File "C:\Users\prathmesh\AppData\Local\Programs\Python\Python313\Lib\site-packages\django\core\handlers\exception.py", line 55, in inner
    response = get_response(request)
  File "C:\Users\prathmesh\AppData\Local\Programs\Python\Python313\Lib\site-packages\django\core\handlers\base.py", line 197, in _get_response
    response = wrapped_callback(request, *callback_args, **callback_kwargs)
  File "C:\Users\prathmesh\Desktop\SmartAllot\core\views.py", line 17, in home
    return render(request, 'home.html')
  File "C:\Users\prathmesh\AppData\Local\Programs\Python\Python313\Lib\site-packages\django\shortcuts.py", line 24, in render
    content = loader.render_to_string(template_name, context, request, using=using)
  File "C:\Users\prathmesh\AppData\Local\Programs\Python\Python313\Lib\site-packages\django\template\loader.py", line 62, in render_to_string
    return template.render(context, request)
           ~~~~~~~~~~~~~~~^^^^^^^^^^^^^^^^^^
  File "C:\Users\prathmesh\AppData\Local\Programs\Python\Python313\Lib\site-packages\django\template\backends\django.py", line 61, in render
    return self.template.render(context)
           ~~~~~~~~~~~~~~~~~~~~^^^^^^^^^
  File "C:\Users\prathmesh\AppData\Local\Programs\Python\Python313\Lib\site-packages\django\template\base.py", line 171, in render
    return self._render(context)
           ~~~~~~~~~~~~^^^^^^^^^
  File "C:\Users\prathmesh\AppData\Local\Programs\Python\Python313\Lib\site-packages\django\template\base.py", line 163, in _render
    return self.nodelist.render(context)
           ~~~~~~~~~~~~~~~~~~~~^^^^^^^^^
  File "C:\Users\prathmesh\AppData\Local\Programs\Python\Python313\Lib\site-packages\django\template\base.py", line 1000, in render
    return SafeString("".join([node.render_annotated(context) for node in self]))
                               ~~~~~~~~~~~~~~~~~~~~~^^^^^^^^^
  File "C:\Users\prathmesh\AppData\Local\Programs\Python\Python313\Lib\site-packages\django\template\base.py", line 961, in render_annotated
    return self.render(context)
           ~~~~~~~~~~~^^^^^^^^^
  File "C:\Users\prathmesh\AppData\Local\Programs\Python\Python313\Lib\site-packages\django\template\loader_tags.py", line 159, in render
    return compiled_parent._render(context)
           ~~~~~~~~~~~~~~~~~~~~~~~^^^^^^^^^
  File "C:\Users\prathmesh\AppData\Local\Programs\Python\Python313\Lib\site-packages\django\template\base.py", line 163, in _render
    return self.nodelist.render(context)
           ~~~~~~~~~~~~~~~~~~~~^^^^^^^^^
  File "C:\Users\prathmesh\AppData\Local\Programs\Python\Python313\Lib\site-packages\django\template\base.py", line 1000, in render
    return SafeString("".join([node.render_annotated(context) for node in self]))
                               ~~~~~~~~~~~~~~~~~~~~~^^^^^^^^^
  File "C:\Users\prathmesh\AppData\Local\Programs\Python\Python313\Lib\site-packages\django\template\base.py", line 961, in render_annotated
    return self.render(context)
           ~~~~~~~~~~~^^^^^^^^^
  File "C:\Users\prathmesh\AppData\Local\Programs\Python\Python313\Lib\site-packages\django\template\loader_tags.py", line 65, in render
    result = block.nodelist.render(context)
  File "C:\Users\prathmesh\AppData\Local\Programs\Python\Python313\Lib\site-packages\django\template\base.py", line 1000, in render
    return SafeString("".join([node.render_annotated(context) for node in self]))
                               ~~~~~~~~~~~~~~~~~~~~~^^^^^^^^^
  File "C:\Users\prathmesh\AppData\Local\Programs\Python\Python313\Lib\site-packages\django\template\base.py", line 961, in render_annotated
    return self.render(context)
           ~~~~~~~~~~~^^^^^^^^^
  File "C:\Users\prathmesh\AppData\Local\Programs\Python\Python313\Lib\site-packages\django\template\defaulttags.py", line 478, in render
    url = reverse(view_name, args=args, kwargs=kwargs, current_app=current_app)
  File "C:\Users\prathmesh\AppData\Local\Programs\Python\Python313\Lib\site-packages\django\urls\base.py", line 88, in reverse
    return resolver._reverse_with_prefix(view, prefix, *args, **kwargs)
           ~~~~~~~~~~~~~~~~~~~~~~~~~~~~~^^^^^^^^^^^^^^^^^^^^^^^^^^^^^^^
  File "C:\Users\prathmesh\AppData\Local\Programs\Python\Python313\Lib\site-packages\django\urls\resolvers.py", line 848, in _reverse_with_prefix
    raise NoReverseMatch(msg)
django.urls.exceptions.NoReverseMatch: Reverse for 'login' not found. 'login' is not a valid view function or pattern name.
ERROR 2025-09-24 00:34:44,855 basehttp "GET / HTTP/1.1" 500 145120
INFO 2025-09-24 00:35:36,731 autoreload C:\Users\prathmesh\Desktop\SmartAllot\smartallot\urls.py changed, reloading.
INFO 2025-09-24 00:35:38,426 autoreload Watching for file changes with StatReloader
INFO 2025-09-24 00:37:59,050 autoreload Watching for file changes with StatReloader
ERROR 2025-09-24 00:38:08,620 log Internal Server Error: /
Traceback (most recent call last):
  File "C:\Users\prathmesh\AppData\Local\Programs\Python\Python313\Lib\site-packages\django\core\handlers\exception.py", line 55, in inner
    response = get_response(request)
  File "C:\Users\prathmesh\AppData\Local\Programs\Python\Python313\Lib\site-packages\django\core\handlers\base.py", line 197, in _get_response
    response = wrapped_callback(request, *callback_args, **callback_kwargs)
  File "C:\Users\prathmesh\Desktop\SmartAllot\core\views.py", line 17, in home
    return render(request, 'home.html')
  File "C:\Users\prathmesh\AppData\Local\Programs\Python\Python313\Lib\site-packages\django\shortcuts.py", line 24, in render
    content = loader.render_to_string(template_name, context, request, using=using)
  File "C:\Users\prathmesh\AppData\Local\Programs\Python\Python313\Lib\site-packages\django\template\loader.py", line 62, in render_to_string
    return template.render(context, request)
           ~~~~~~~~~~~~~~~^^^^^^^^^^^^^^^^^^
  File "C:\Users\prathmesh\AppData\Local\Programs\Python\Python313\Lib\site-packages\django\template\backends\django.py", line 61, in render
    return self.template.render(context)
           ~~~~~~~~~~~~~~~~~~~~^^^^^^^^^
  File "C:\Users\prathmesh\AppData\Local\Programs\Python\Python313\Lib\site-packages\django\template\base.py", line 171, in render
    return self._render(context)
           ~~~~~~~~~~~~^^^^^^^^^
  File "C:\Users\prathmesh\AppData\Local\Programs\Python\Python313\Lib\site-packages\django\template\base.py", line 163, in _render
    return self.nodelist.render(context)
           ~~~~~~~~~~~~~~~~~~~~^^^^^^^^^
  File "C:\Users\prathmesh\AppData\Local\Programs\Python\Python313\Lib\site-packages\django\template\base.py", line 1000, in render
    return SafeString("".join([node.render_annotated(context) for node in self]))
                               ~~~~~~~~~~~~~~~~~~~~~^^^^^^^^^
  File "C:\Users\prathmesh\AppData\Local\Programs\Python\Python313\Lib\site-packages\django\template\base.py", line 961, in render_annotated
    return self.render(context)
           ~~~~~~~~~~~^^^^^^^^^
  File "C:\Users\prathmesh\AppData\Local\Programs\Python\Python313\Lib\site-packages\django\template\loader_tags.py", line 159, in render
    return compiled_parent._render(context)
           ~~~~~~~~~~~~~~~~~~~~~~~^^^^^^^^^
  File "C:\Users\prathmesh\AppData\Local\Programs\Python\Python313\Lib\site-packages\django\template\base.py", line 163, in _render
    return self.nodelist.render(context)
           ~~~~~~~~~~~~~~~~~~~~^^^^^^^^^
  File "C:\Users\prathmesh\AppData\Local\Programs\Python\Python313\Lib\site-packages\django\template\base.py", line 1000, in render
    return SafeString("".join([node.render_annotated(context) for node in self]))
                               ~~~~~~~~~~~~~~~~~~~~~^^^^^^^^^
  File "C:\Users\prathmesh\AppData\Local\Programs\Python\Python313\Lib\site-packages\django\template\base.py", line 961, in render_annotated
    return self.render(context)
           ~~~~~~~~~~~^^^^^^^^^
  File "C:\Users\prathmesh\AppData\Local\Programs\Python\Python313\Lib\site-packages\django\template\loader_tags.py", line 65, in render
    result = block.nodelist.render(context)
  File "C:\Users\prathmesh\AppData\Local\Programs\Python\Python313\Lib\site-packages\django\template\base.py", line 1000, in render
    return SafeString("".join([node.render_annotated(context) for node in self]))
                               ~~~~~~~~~~~~~~~~~~~~~^^^^^^^^^
  File "C:\Users\prathmesh\AppData\Local\Programs\Python\Python313\Lib\site-packages\django\template\base.py", line 961, in render_annotated
    return self.render(context)
           ~~~~~~~~~~~^^^^^^^^^
  File "C:\Users\prathmesh\AppData\Local\Programs\Python\Python313\Lib\site-packages\django\template\defaulttags.py", line 478, in render
    url = reverse(view_name, args=args, kwargs=kwargs, current_app=current_app)
  File "C:\Users\prathmesh\AppData\Local\Programs\Python\Python313\Lib\site-packages\django\urls\base.py", line 88, in reverse
    return resolver._reverse_with_prefix(view, prefix, *args, **kwargs)
           ~~~~~~~~~~~~~~~~~~~~~~~~~~~~~^^^^^^^^^^^^^^^^^^^^^^^^^^^^^^^
  File "C:\Users\prathmesh\AppData\Local\Programs\Python\Python313\Lib\site-packages\django\urls\resolvers.py", line 848, in _reverse_with_prefix
    raise NoReverseMatch(msg)
django.urls.exceptions.NoReverseMatch: Reverse for 'login' not found. 'login' is not a valid view function or pattern name.
ERROR 2025-09-24 00:38:08,629 basehttp "GET / HTTP/1.1" 500 145120
INFO 2025-09-24 00:44:26,798 autoreload C:\Users\prathmesh\Desktop\SmartAllot\core\views.py changed, reloading.
INFO 2025-09-24 00:44:28,536 autoreload Watching for file changes with StatReloader
INFO 2025-09-24 00:46:11,912 autoreload Watching for file changes with StatReloader
INFO 2025-09-24 00:47:36,574 autoreload Watching for file changes with StatReloader
ERROR 2025-09-24 00:47:39,681 log Internal Server Error: /
Traceback (most recent call last):
  File "C:\Users\prathmesh\AppData\Local\Programs\Python\Python313\Lib\site-packages\django\core\handlers\exception.py", line 55, in inner
    response = get_response(request)
  File "C:\Users\prathmesh\AppData\Local\Programs\Python\Python313\Lib\site-packages\django\core\handlers\base.py", line 197, in _get_response
    response = wrapped_callback(request, *callback_args, **callback_kwargs)
  File "C:\Users\prathmesh\Desktop\SmartAllot\core\views.py", line 18, in home
    return render(request, 'home.html')
  File "C:\Users\prathmesh\AppData\Local\Programs\Python\Python313\Lib\site-packages\django\shortcuts.py", line 24, in render
    content = loader.render_to_string(template_name, context, request, using=using)
  File "C:\Users\prathmesh\AppData\Local\Programs\Python\Python313\Lib\site-packages\django\template\loader.py", line 62, in render_to_string
    return template.render(context, request)
           ~~~~~~~~~~~~~~~^^^^^^^^^^^^^^^^^^
  File "C:\Users\prathmesh\AppData\Local\Programs\Python\Python313\Lib\site-packages\django\template\backends\django.py", line 61, in render
    return self.template.render(context)
           ~~~~~~~~~~~~~~~~~~~~^^^^^^^^^
  File "C:\Users\prathmesh\AppData\Local\Programs\Python\Python313\Lib\site-packages\django\template\base.py", line 171, in render
    return self._render(context)
           ~~~~~~~~~~~~^^^^^^^^^
  File "C:\Users\prathmesh\AppData\Local\Programs\Python\Python313\Lib\site-packages\django\template\base.py", line 163, in _render
    return self.nodelist.render(context)
           ~~~~~~~~~~~~~~~~~~~~^^^^^^^^^
  File "C:\Users\prathmesh\AppData\Local\Programs\Python\Python313\Lib\site-packages\django\template\base.py", line 1000, in render
    return SafeString("".join([node.render_annotated(context) for node in self]))
                               ~~~~~~~~~~~~~~~~~~~~~^^^^^^^^^
  File "C:\Users\prathmesh\AppData\Local\Programs\Python\Python313\Lib\site-packages\django\template\base.py", line 961, in render_annotated
    return self.render(context)
           ~~~~~~~~~~~^^^^^^^^^
  File "C:\Users\prathmesh\AppData\Local\Programs\Python\Python313\Lib\site-packages\django\template\loader_tags.py", line 159, in render
    return compiled_parent._render(context)
           ~~~~~~~~~~~~~~~~~~~~~~~^^^^^^^^^
  File "C:\Users\prathmesh\AppData\Local\Programs\Python\Python313\Lib\site-packages\django\template\base.py", line 163, in _render
    return self.nodelist.render(context)
           ~~~~~~~~~~~~~~~~~~~~^^^^^^^^^
  File "C:\Users\prathmesh\AppData\Local\Programs\Python\Python313\Lib\site-packages\django\template\base.py", line 1000, in render
    return SafeString("".join([node.render_annotated(context) for node in self]))
                               ~~~~~~~~~~~~~~~~~~~~~^^^^^^^^^
  File "C:\Users\prathmesh\AppData\Local\Programs\Python\Python313\Lib\site-packages\django\template\base.py", line 961, in render_annotated
    return self.render(context)
           ~~~~~~~~~~~^^^^^^^^^
  File "C:\Users\prathmesh\AppData\Local\Programs\Python\Python313\Lib\site-packages\django\template\loader_tags.py", line 65, in render
    result = block.nodelist.render(context)
  File "C:\Users\prathmesh\AppData\Local\Programs\Python\Python313\Lib\site-packages\django\template\base.py", line 1000, in render
    return SafeString("".join([node.render_annotated(context) for node in self]))
                               ~~~~~~~~~~~~~~~~~~~~~^^^^^^^^^
  File "C:\Users\prathmesh\AppData\Local\Programs\Python\Python313\Lib\site-packages\django\template\base.py", line 961, in render_annotated
    return self.render(context)
           ~~~~~~~~~~~^^^^^^^^^
  File "C:\Users\prathmesh\AppData\Local\Programs\Python\Python313\Lib\site-packages\django\template\defaulttags.py", line 478, in render
    url = reverse(view_name, args=args, kwargs=kwargs, current_app=current_app)
  File "C:\Users\prathmesh\AppData\Local\Programs\Python\Python313\Lib\site-packages\django\urls\base.py", line 88, in reverse
    return resolver._reverse_with_prefix(view, prefix, *args, **kwargs)
           ~~~~~~~~~~~~~~~~~~~~~~~~~~~~~^^^^^^^^^^^^^^^^^^^^^^^^^^^^^^^
  File "C:\Users\prathmesh\AppData\Local\Programs\Python\Python313\Lib\site-packages\django\urls\resolvers.py", line 848, in _reverse_with_prefix
    raise NoReverseMatch(msg)
django.urls.exceptions.NoReverseMatch: Reverse for 'login' not found. 'login' is not a valid view function or pattern name.
ERROR 2025-09-24 00:47:39,691 basehttp "GET / HTTP/1.1" 500 145155
INFO 2025-09-24 01:08:57,462 autoreload Watching for file changes with StatReloader
INFO 2025-09-24 01:10:43,010 autoreload C:\Users\prathmesh\Desktop\SmartAllot\smartallot\settings.py changed, reloading.
INFO 2025-09-24 01:10:44,002 autoreload Watching for file changes with StatReloader
INFO 2025-09-24 01:11:40,424 autoreload C:\Users\prathmesh\Desktop\SmartAllot\students\urls.py changed, reloading.
INFO 2025-09-24 01:11:41,383 autoreload Watching for file changes with StatReloader
INFO 2025-09-24 01:14:37,217 autoreload C:\Users\prathmesh\Desktop\SmartAllot\core\views.py changed, reloading.
INFO 2025-09-24 01:14:38,310 autoreload Watching for file changes with StatReloader
INFO 2025-09-24 01:14:49,895 autoreload C:\Users\prathmesh\Desktop\SmartAllot\core\views.py changed, reloading.
INFO 2025-09-24 01:14:50,854 autoreload Watching for file changes with StatReloader
INFO 2025-09-24 01:21:13,571 autoreload C:\Users\prathmesh\Desktop\SmartAllot\allocation\tasks.py changed, reloading.
INFO 2025-09-24 01:21:14,605 autoreload Watching for file changes with StatReloader
INFO 2025-09-24 01:21:45,053 autoreload Watching for file changes with StatReloader
INFO 2025-09-24 01:21:50,798 basehttp "GET / HTTP/1.1" 200 1591
WARNING 2025-09-24 01:21:51,097 log Not Found: /favicon.ico
WARNING 2025-09-24 01:21:51,098 basehttp "GET /favicon.ico HTTP/1.1" 404 3185
INFO 2025-09-24 01:21:54,533 basehttp "GET /login/ HTTP/1.1" 200 2315
INFO 2025-09-24 01:21:57,961 basehttp "GET /register/ HTTP/1.1" 200 3504
INFO 2025-09-24 01:22:00,244 basehttp "GET /login/ HTTP/1.1" 200 2315
INFO 2025-09-24 01:22:03,961 basehttp "GET /register/ HTTP/1.1" 200 3504
ERROR 2025-09-24 01:22:27,255 log Internal Server Error: /register/
Traceback (most recent call last):
  File "C:\Users\prathmesh\AppData\Local\Programs\Python\Python313\Lib\site-packages\django\db\backends\utils.py", line 105, in _execute
    return self.cursor.execute(sql, params)
           ~~~~~~~~~~~~~~~~~~~^^^^^^^^^^^^^
  File "C:\Users\prathmesh\AppData\Local\Programs\Python\Python313\Lib\site-packages\django\db\backends\sqlite3\base.py", line 328, in execute
    return super().execute(query, params)
           ~~~~~~~~~~~~~~~^^^^^^^^^^^^^^^
sqlite3.OperationalError: table students_student has no column named preferences_submission_time

The above exception was the direct cause of the following exception:

Traceback (most recent call last):
  File "C:\Users\prathmesh\AppData\Local\Programs\Python\Python313\Lib\site-packages\django\core\handlers\exception.py", line 55, in inner
    response = get_response(request)
  File "C:\Users\prathmesh\AppData\Local\Programs\Python\Python313\Lib\site-packages\django\core\handlers\base.py", line 197, in _get_response
    response = wrapped_callback(request, *callback_args, **callback_kwargs)
  File "C:\Users\prathmesh\Desktop\SmartAllot\core\views.py", line 22, in register
    Student.objects.create(user=user)
    ~~~~~~~~~~~~~~~~~~~~~~^^^^^^^^^^^
  File "C:\Users\prathmesh\AppData\Local\Programs\Python\Python313\Lib\site-packages\django\db\models\manager.py", line 87, in manager_method
    return getattr(self.get_queryset(), name)(*args, **kwargs)
           ~~~~~~~~~~~~~~~~~~~~~~~~~~~~~~~~~~^^^^^^^^^^^^^^^^^
  File "C:\Users\prathmesh\AppData\Local\Programs\Python\Python313\Lib\site-packages\django\db\models\query.py", line 677, in create
    obj.save(force_insert=True, using=self.db)
    ~~~~~~~~^^^^^^^^^^^^^^^^^^^^^^^^^^^^^^^^^^
  File "C:\Users\prathmesh\AppData\Local\Programs\Python\Python313\Lib\site-packages\django\db\models\base.py", line 814, in save
    self.save_base(
    ~~~~~~~~~~~~~~^
        using=using,
        ^^^^^^^^^^^^
    ...<2 lines>...
        update_fields=update_fields,
        ^^^^^^^^^^^^^^^^^^^^^^^^^^^^
    )
    ^
  File "C:\Users\prathmesh\AppData\Local\Programs\Python\Python313\Lib\site-packages\django\db\models\base.py", line 901, in save_base
    updated = self._save_table(
        raw,
    ...<4 lines>...
        update_fields,
    )
  File "C:\Users\prathmesh\AppData\Local\Programs\Python\Python313\Lib\site-packages\django\db\models\base.py", line 1059, in _save_table
    results = self._do_insert(
        cls._base_manager, using, fields, returning_fields, raw
    )
  File "C:\Users\prathmesh\AppData\Local\Programs\Python\Python313\Lib\site-packages\django\db\models\base.py", line 1100, in _do_insert
    return manager._insert(
           ~~~~~~~~~~~~~~~^
        [self],
        ^^^^^^^
    ...<3 lines>...
        raw=raw,
        ^^^^^^^^
    )
    ^
  File "C:\Users\prathmesh\AppData\Local\Programs\Python\Python313\Lib\site-packages\django\db\models\manager.py", line 87, in manager_method
    return getattr(self.get_queryset(), name)(*args, **kwargs)
           ~~~~~~~~~~~~~~~~~~~~~~~~~~~~~~~~~~^^^^^^^^^^^^^^^^^
  File "C:\Users\prathmesh\AppData\Local\Programs\Python\Python313\Lib\site-packages\django\db\models\query.py", line 1845, in _insert
    return query.get_compiler(using=using).execute_sql(returning_fields)
           ~~~~~~~~~~~~~~~~~~~~~~~~~~~~~~~~~~~~~~~~~~~^^^^^^^^^^^^^^^^^^
  File "C:\Users\prathmesh\AppData\Local\Programs\Python\Python313\Lib\site-packages\django\db\models\sql\compiler.py", line 1822, in execute_sql
    cursor.execute(sql, params)
    ~~~~~~~~~~~~~~^^^^^^^^^^^^^
  File "C:\Users\prathmesh\AppData\Local\Programs\Python\Python313\Lib\site-packages\django\db\backends\utils.py", line 122, in execute
    return super().execute(sql, params)
           ~~~~~~~~~~~~~~~^^^^^^^^^^^^^
  File "C:\Users\prathmesh\AppData\Local\Programs\Python\Python313\Lib\site-packages\django\db\backends\utils.py", line 79, in execute
    return self._execute_with_wrappers(
           ~~~~~~~~~~~~~~~~~~~~~~~~~~~^
        sql, params, many=False, executor=self._execute
        ^^^^^^^^^^^^^^^^^^^^^^^^^^^^^^^^^^^^^^^^^^^^^^^
    )
    ^
  File "C:\Users\prathmesh\AppData\Local\Programs\Python\Python313\Lib\site-packages\django\db\backends\utils.py", line 92, in _execute_with_wrappers
    return executor(sql, params, many, context)
  File "C:\Users\prathmesh\AppData\Local\Programs\Python\Python313\Lib\site-packages\django\db\backends\utils.py", line 100, in _execute
    with self.db.wrap_database_errors:
         ^^^^^^^^^^^^^^^^^^^^^^^^^^^^
  File "C:\Users\prathmesh\AppData\Local\Programs\Python\Python313\Lib\site-packages\django\db\utils.py", line 91, in __exit__
    raise dj_exc_value.with_traceback(traceback) from exc_value
  File "C:\Users\prathmesh\AppData\Local\Programs\Python\Python313\Lib\site-packages\django\db\backends\utils.py", line 105, in _execute
    return self.cursor.execute(sql, params)
           ~~~~~~~~~~~~~~~~~~~^^^^^^^^^^^^^
  File "C:\Users\prathmesh\AppData\Local\Programs\Python\Python313\Lib\site-packages\django\db\backends\sqlite3\base.py", line 328, in execute
    return super().execute(query, params)
           ~~~~~~~~~~~~~~~^^^^^^^^^^^^^^^
django.db.utils.OperationalError: table students_student has no column named preferences_submission_time
ERROR 2025-09-24 01:22:27,274 basehttp "POST /register/ HTTP/1.1" 500 160565
INFO 2025-09-24 01:24:28,736 autoreload Watching for file changes with StatReloader
INFO 2025-09-24 01:24:34,054 basehttp "GET / HTTP/1.1" 200 1591
INFO 2025-09-24 01:24:35,607 basehttp "GET /login/ HTTP/1.1" 200 2315
INFO 2025-09-24 01:24:50,296 basehttp "POST /login/ HTTP/1.1" 200 2476
INFO 2025-09-24 01:24:54,903 basehttp "GET /register/ HTTP/1.1" 200 3504
INFO 2025-09-24 01:25:13,114 basehttp "POST /register/ HTTP/1.1" 200 3764
ERROR 2025-09-24 01:25:27,025 log Internal Server Error: /register/
Traceback (most recent call last):
  File "C:\Users\prathmesh\AppData\Local\Programs\Python\Python313\Lib\site-packages\django\db\backends\utils.py", line 105, in _execute
    return self.cursor.execute(sql, params)
           ~~~~~~~~~~~~~~~~~~~^^^^^^^^^^^^^
  File "C:\Users\prathmesh\AppData\Local\Programs\Python\Python313\Lib\site-packages\django\db\backends\sqlite3\base.py", line 328, in execute
    return super().execute(query, params)
           ~~~~~~~~~~~~~~~^^^^^^^^^^^^^^^
sqlite3.IntegrityError: NOT NULL constraint failed: students_student.percentage

The above exception was the direct cause of the following exception:

Traceback (most recent call last):
  File "C:\Users\prathmesh\AppData\Local\Programs\Python\Python313\Lib\site-packages\django\core\handlers\exception.py", line 55, in inner
    response = get_response(request)
  File "C:\Users\prathmesh\AppData\Local\Programs\Python\Python313\Lib\site-packages\django\core\handlers\base.py", line 197, in _get_response
    response = wrapped_callback(request, *callback_args, **callback_kwargs)
  File "C:\Users\prathmesh\Desktop\SmartAllot\core\views.py", line 22, in register
    Student.objects.create(user=user)
    ~~~~~~~~~~~~~~~~~~~~~~^^^^^^^^^^^
  File "C:\Users\prathmesh\AppData\Local\Programs\Python\Python313\Lib\site-packages\django\db\models\manager.py", line 87, in manager_method
    return getattr(self.get_queryset(), name)(*args, **kwargs)
           ~~~~~~~~~~~~~~~~~~~~~~~~~~~~~~~~~~^^^^^^^^^^^^^^^^^
  File "C:\Users\prathmesh\AppData\Local\Programs\Python\Python313\Lib\site-packages\django\db\models\query.py", line 677, in create
    obj.save(force_insert=True, using=self.db)
    ~~~~~~~~^^^^^^^^^^^^^^^^^^^^^^^^^^^^^^^^^^
  File "C:\Users\prathmesh\AppData\Local\Programs\Python\Python313\Lib\site-packages\django\db\models\base.py", line 814, in save
    self.save_base(
    ~~~~~~~~~~~~~~^
        using=using,
        ^^^^^^^^^^^^
    ...<2 lines>...
        update_fields=update_fields,
        ^^^^^^^^^^^^^^^^^^^^^^^^^^^^
    )
    ^
  File "C:\Users\prathmesh\AppData\Local\Programs\Python\Python313\Lib\site-packages\django\db\models\base.py", line 901, in save_base
    updated = self._save_table(
        raw,
    ...<4 lines>...
        update_fields,
    )
  File "C:\Users\prathmesh\AppData\Local\Programs\Python\Python313\Lib\site-packages\django\db\models\base.py", line 1059, in _save_table
    results = self._do_insert(
        cls._base_manager, using, fields, returning_fields, raw
    )
  File "C:\Users\prathmesh\AppData\Local\Programs\Python\Python313\Lib\site-packages\django\db\models\base.py", line 1100, in _do_insert
    return manager._insert(
           ~~~~~~~~~~~~~~~^
        [self],
        ^^^^^^^
    ...<3 lines>...
        raw=raw,
        ^^^^^^^^
    )
    ^
  File "C:\Users\prathmesh\AppData\Local\Programs\Python\Python313\Lib\site-packages\django\db\models\manager.py", line 87, in manager_method
    return getattr(self.get_queryset(), name)(*args, **kwargs)
           ~~~~~~~~~~~~~~~~~~~~~~~~~~~~~~~~~~^^^^^^^^^^^^^^^^^
  File "C:\Users\prathmesh\AppData\Local\Programs\Python\Python313\Lib\site-packages\django\db\models\query.py", line 1845, in _insert
    return query.get_compiler(using=using).execute_sql(returning_fields)
           ~~~~~~~~~~~~~~~~~~~~~~~~~~~~~~~~~~~~~~~~~~~^^^^^^^^^^^^^^^^^^
  File "C:\Users\prathmesh\AppData\Local\Programs\Python\Python313\Lib\site-packages\django\db\models\sql\compiler.py", line 1822, in execute_sql
    cursor.execute(sql, params)
    ~~~~~~~~~~~~~~^^^^^^^^^^^^^
  File "C:\Users\prathmesh\AppData\Local\Programs\Python\Python313\Lib\site-packages\django\db\backends\utils.py", line 122, in execute
    return super().execute(sql, params)
           ~~~~~~~~~~~~~~~^^^^^^^^^^^^^
  File "C:\Users\prathmesh\AppData\Local\Programs\Python\Python313\Lib\site-packages\django\db\backends\utils.py", line 79, in execute
    return self._execute_with_wrappers(
           ~~~~~~~~~~~~~~~~~~~~~~~~~~~^
        sql, params, many=False, executor=self._execute
        ^^^^^^^^^^^^^^^^^^^^^^^^^^^^^^^^^^^^^^^^^^^^^^^
    )
    ^
  File "C:\Users\prathmesh\AppData\Local\Programs\Python\Python313\Lib\site-packages\django\db\backends\utils.py", line 92, in _execute_with_wrappers
    return executor(sql, params, many, context)
  File "C:\Users\prathmesh\AppData\Local\Programs\Python\Python313\Lib\site-packages\django\db\backends\utils.py", line 100, in _execute
    with self.db.wrap_database_errors:
         ^^^^^^^^^^^^^^^^^^^^^^^^^^^^
  File "C:\Users\prathmesh\AppData\Local\Programs\Python\Python313\Lib\site-packages\django\db\utils.py", line 91, in __exit__
    raise dj_exc_value.with_traceback(traceback) from exc_value
  File "C:\Users\prathmesh\AppData\Local\Programs\Python\Python313\Lib\site-packages\django\db\backends\utils.py", line 105, in _execute
    return self.cursor.execute(sql, params)
           ~~~~~~~~~~~~~~~~~~~^^^^^^^^^^^^^
  File "C:\Users\prathmesh\AppData\Local\Programs\Python\Python313\Lib\site-packages\django\db\backends\sqlite3\base.py", line 328, in execute
    return super().execute(query, params)
           ~~~~~~~~~~~~~~~^^^^^^^^^^^^^^^
django.db.utils.IntegrityError: NOT NULL constraint failed: students_student.percentage
ERROR 2025-09-24 01:25:27,043 basehttp "POST /register/ HTTP/1.1" 500 160323
INFO 2025-09-24 01:29:53,076 autoreload C:\Users\prathmesh\Desktop\SmartAllot\core\forms.py changed, reloading.
INFO 2025-09-24 01:29:54,806 autoreload Watching for file changes with StatReloader
INFO 2025-09-24 01:31:46,432 autoreload Watching for file changes with StatReloader
INFO 2025-09-24 01:34:19,423 autoreload C:\Users\prathmesh\Desktop\SmartAllot\core\forms.py changed, reloading.
INFO 2025-09-24 01:34:21,073 autoreload Watching for file changes with StatReloader
INFO 2025-09-24 01:36:12,624 autoreload C:\Users\prathmesh\Desktop\SmartAllot\core\forms.py changed, reloading.
INFO 2025-09-24 01:36:14,457 autoreload Watching for file changes with StatReloader
INFO 2025-09-24 01:36:35,576 autoreload C:\Users\prathmesh\Desktop\SmartAllot\core\forms.py changed, reloading.
INFO 2025-09-24 01:36:37,181 autoreload Watching for file changes with StatReloader
INFO 2025-09-24 01:37:42,821 basehttp "GET / HTTP/1.1" 200 1591
INFO 2025-09-24 01:37:45,185 basehttp "GET /register/ HTTP/1.1" 200 4566
INFO 2025-09-24 01:37:57,181 basehttp "GET /login/ HTTP/1.1" 200 2315
INFO 2025-09-24 01:37:58,810 basehttp "GET /register/ HTTP/1.1" 200 4566
INFO 2025-09-24 01:39:48,919 basehttp "GET /register/ HTTP/1.1" 200 8237
INFO 2025-09-24 01:40:26,307 basehttp "POST /register/ HTTP/1.1" 200 8558
INFO 2025-09-24 01:45:10,240 basehttp "POST /register/ HTTP/1.1" 200 8559
INFO 2025-09-24 01:46:30,211 basehttp "POST /register/ HTTP/1.1" 200 8422
INFO 2025-09-24 01:46:42,035 basehttp "GET /register/ HTTP/1.1" 200 8237
INFO 2025-09-24 01:46:44,485 basehttp "GET /login/ HTTP/1.1" 200 2315
INFO 2025-09-24 01:47:02,272 basehttp "POST /login/ HTTP/1.1" 302 0
ERROR 2025-09-24 01:47:02,378 log Internal Server Error: /student/dashboard/
Traceback (most recent call last):
  File "C:\Users\prathmesh\Desktop\SmartAllot\students\views.py", line 35, in student_dashboard
    student = Student.objects.get(user=request.user)
  File "C:\Users\prathmesh\AppData\Local\Programs\Python\Python313\Lib\site-packages\django\db\models\manager.py", line 87, in manager_method
    return getattr(self.get_queryset(), name)(*args, **kwargs)
           ~~~~~~~~~~~~~~~~~~~~~~~~~~~~~~~~~~^^^^^^^^^^^^^^^^^
  File "C:\Users\prathmesh\AppData\Local\Programs\Python\Python313\Lib\site-packages\django\db\models\query.py", line 647, in get
    raise self.model.DoesNotExist(
        "%s matching query does not exist." % self.model._meta.object_name
    )
students.models.Student.DoesNotExist: Student matching query does not exist.

During handling of the above exception, another exception occurred:

Traceback (most recent call last):
  File "C:\Users\prathmesh\AppData\Local\Programs\Python\Python313\Lib\site-packages\django\core\handlers\exception.py", line 55, in inner
    response = get_response(request)
  File "C:\Users\prathmesh\AppData\Local\Programs\Python\Python313\Lib\site-packages\django\core\handlers\base.py", line 197, in _get_response
    response = wrapped_callback(request, *callback_args, **callback_kwargs)
  File "C:\Users\prathmesh\AppData\Local\Programs\Python\Python313\Lib\site-packages\django\contrib\auth\decorators.py", line 23, in _wrapper_view
    return view_func(request, *args, **kwargs)
  File "C:\Users\prathmesh\Desktop\SmartAllot\students\views.py", line 38, in student_dashboard
    return redirect('login')
  File "C:\Users\prathmesh\AppData\Local\Programs\Python\Python313\Lib\site-packages\django\shortcuts.py", line 48, in redirect
    return redirect_class(resolve_url(to, *args, **kwargs))
                          ~~~~~~~~~~~^^^^^^^^^^^^^^^^^^^^^
  File "C:\Users\prathmesh\AppData\Local\Programs\Python\Python313\Lib\site-packages\django\shortcuts.py", line 179, in resolve_url
    return reverse(to, args=args, kwargs=kwargs)
  File "C:\Users\prathmesh\AppData\Local\Programs\Python\Python313\Lib\site-packages\django\urls\base.py", line 88, in reverse
    return resolver._reverse_with_prefix(view, prefix, *args, **kwargs)
           ~~~~~~~~~~~~~~~~~~~~~~~~~~~~~^^^^^^^^^^^^^^^^^^^^^^^^^^^^^^^
  File "C:\Users\prathmesh\AppData\Local\Programs\Python\Python313\Lib\site-packages\django\urls\resolvers.py", line 848, in _reverse_with_prefix
    raise NoReverseMatch(msg)
django.urls.exceptions.NoReverseMatch: Reverse for 'login' not found. 'login' is not a valid view function or pattern name.
ERROR 2025-09-24 01:47:02,389 basehttp "GET /student/dashboard/ HTTP/1.1" 500 103768
INFO 2025-09-24 01:48:31,956 autoreload C:\Users\prathmesh\Desktop\SmartAllot\students\views.py changed, reloading.
INFO 2025-09-24 01:48:33,888 autoreload Watching for file changes with StatReloader
WARNING 2025-09-24 01:48:40,255 log Forbidden (CSRF token from POST incorrect.): /register/
WARNING 2025-09-24 01:48:40,257 basehttp "POST /register/ HTTP/1.1" 403 2517
INFO 2025-09-24 01:51:12,999 autoreload Watching for file changes with StatReloader
INFO 2025-09-24 01:51:21,669 basehttp "GET / HTTP/1.1" 200 1854
INFO 2025-09-24 01:51:24,182 basehttp "POST /logout/ HTTP/1.1" 302 0
INFO 2025-09-24 01:51:24,189 basehttp "GET / HTTP/1.1" 200 1591
INFO 2025-09-24 01:51:26,068 basehttp "GET /login/ HTTP/1.1" 200 2315
INFO 2025-09-24 01:51:32,524 basehttp "GET /admin/ HTTP/1.1" 302 0
INFO 2025-09-24 01:51:32,628 basehttp "GET /admin/login/?next=/admin/ HTTP/1.1" 200 4161
INFO 2025-09-24 01:51:32,812 basehttp "GET /static/admin/css/dark_mode.css HTTP/1.1" 200 2682
INFO 2025-09-24 01:51:32,814 basehttp "GET /static/admin/css/nav_sidebar.css HTTP/1.1" 200 2810
INFO 2025-09-24 01:51:32,831 basehttp "GET /static/admin/css/base.css HTTP/1.1" 200 21544
INFO 2025-09-24 01:51:32,926 basehttp "GET /static/admin/css/login.css HTTP/1.1" 200 958
INFO 2025-09-24 01:51:32,943 basehttp "GET /static/admin/css/responsive.css HTTP/1.1" 200 17905
INFO 2025-09-24 01:51:32,958 basehttp "GET /static/admin/js/theme.js HTTP/1.1" 200 1943
INFO 2025-09-24 01:51:33,008 basehttp "GET /static/admin/js/nav_sidebar.js HTTP/1.1" 200 3063
INFO 2025-09-24 01:51:45,068 basehttp "POST /admin/login/?next=/admin/ HTTP/1.1" 200 4326
INFO 2025-09-24 01:51:59,172 basehttp "POST /admin/login/?next=/admin/ HTTP/1.1" 200 4326
INFO 2025-09-24 01:52:12,008 basehttp "POST /admin/login/?next=/admin/ HTTP/1.1" 200 4323
INFO 2025-09-24 01:52:27,124 basehttp "GET / HTTP/1.1" 200 1591
ERROR 2025-09-24 01:52:30,145 log Internal Server Error: /register/
Traceback (most recent call last):
  File "C:\Users\prathmesh\AppData\Local\Programs\Python\Python313\Lib\site-packages\django\core\handlers\exception.py", line 55, in inner
    response = get_response(request)
  File "C:\Users\prathmesh\AppData\Local\Programs\Python\Python313\Lib\site-packages\django\core\handlers\base.py", line 197, in _get_response
    response = wrapped_callback(request, *callback_args, **callback_kwargs)
  File "C:\Users\prathmesh\Desktop\SmartAllot\core\views.py", line 26, in register
    return render(request, 'registration/register.html', {'form': form})
  File "C:\Users\prathmesh\AppData\Local\Programs\Python\Python313\Lib\site-packages\django\shortcuts.py", line 24, in render
    content = loader.render_to_string(template_name, context, request, using=using)
  File "C:\Users\prathmesh\AppData\Local\Programs\Python\Python313\Lib\site-packages\django\template\loader.py", line 61, in render_to_string
    template = get_template(template_name, using=using)
  File "C:\Users\prathmesh\AppData\Local\Programs\Python\Python313\Lib\site-packages\django\template\loader.py", line 15, in get_template
    return engine.get_template(template_name)
           ~~~~~~~~~~~~~~~~~~~^^^^^^^^^^^^^^^
  File "C:\Users\prathmesh\AppData\Local\Programs\Python\Python313\Lib\site-packages\django\template\backends\django.py", line 33, in get_template
    return Template(self.engine.get_template(template_name), self)
                    ~~~~~~~~~~~~~~~~~~~~~~~~^^^^^^^^^^^^^^^
  File "C:\Users\prathmesh\AppData\Local\Programs\Python\Python313\Lib\site-packages\django\template\engine.py", line 175, in get_template
    template, origin = self.find_template(template_name)
                       ~~~~~~~~~~~~~~~~~~^^^^^^^^^^^^^^^
  File "C:\Users\prathmesh\AppData\Local\Programs\Python\Python313\Lib\site-packages\django\template\engine.py", line 157, in find_template
    template = loader.get_template(name, skip=skip)
  File "C:\Users\prathmesh\AppData\Local\Programs\Python\Python313\Lib\site-packages\django\template\loaders\cached.py", line 57, in get_template
    template = super().get_template(template_name, skip)
  File "C:\Users\prathmesh\AppData\Local\Programs\Python\Python313\Lib\site-packages\django\template\loaders\base.py", line 28, in get_template
    return Template(
        contents,
    ...<2 lines>...
        self.engine,
    )
  File "C:\Users\prathmesh\AppData\Local\Programs\Python\Python313\Lib\site-packages\django\template\base.py", line 154, in __init__
    self.nodelist = self.compile_nodelist()
                    ~~~~~~~~~~~~~~~~~~~~~^^
  File "C:\Users\prathmesh\AppData\Local\Programs\Python\Python313\Lib\site-packages\django\template\base.py", line 196, in compile_nodelist
    return parser.parse()
           ~~~~~~~~~~~~^^
  File "C:\Users\prathmesh\AppData\Local\Programs\Python\Python313\Lib\site-packages\django\template\base.py", line 510, in parse
    raise self.error(token, e)
  File "C:\Users\prathmesh\AppData\Local\Programs\Python\Python313\Lib\site-packages\django\template\base.py", line 508, in parse
    compiled_result = compile_func(self, token)
  File "C:\Users\prathmesh\AppData\Local\Programs\Python\Python313\Lib\site-packages\django\template\loader_tags.py", line 295, in do_extends
    nodelist = parser.parse()
  File "C:\Users\prathmesh\AppData\Local\Programs\Python\Python313\Lib\site-packages\django\template\base.py", line 510, in parse
    raise self.error(token, e)
  File "C:\Users\prathmesh\AppData\Local\Programs\Python\Python313\Lib\site-packages\django\template\base.py", line 508, in parse
    compiled_result = compile_func(self, token)
  File "C:\Users\prathmesh\AppData\Local\Programs\Python\Python313\Lib\site-packages\django\template\loader_tags.py", line 234, in do_block
    nodelist = parser.parse(("endblock",))
  File "C:\Users\prathmesh\AppData\Local\Programs\Python\Python313\Lib\site-packages\django\template\base.py", line 510, in parse
    raise self.error(token, e)
  File "C:\Users\prathmesh\AppData\Local\Programs\Python\Python313\Lib\site-packages\django\template\base.py", line 508, in parse
    compiled_result = compile_func(self, token)
  File "C:\Users\prathmesh\AppData\Local\Programs\Python\Python313\Lib\site-packages\django\template\loader_tags.py", line 295, in do_extends
    nodelist = parser.parse()
  File "C:\Users\prathmesh\AppData\Local\Programs\Python\Python313\Lib\site-packages\django\template\base.py", line 510, in parse
    raise self.error(token, e)
  File "C:\Users\prathmesh\AppData\Local\Programs\Python\Python313\Lib\site-packages\django\template\base.py", line 508, in parse
    compiled_result = compile_func(self, token)
  File "C:\Users\prathmesh\AppData\Local\Programs\Python\Python313\Lib\site-packages\django\template\loader_tags.py", line 228, in do_block
    raise TemplateSyntaxError(
        "'%s' tag with name '%s' appears more than once" % (bits[0], block_name)
    )
django.template.exceptions.TemplateSyntaxError: 'block' tag with name 'content' appears more than once
ERROR 2025-09-24 01:52:30,155 basehttp "GET /register/ HTTP/1.1" 500 213600
INFO 2025-09-24 01:54:37,034 autoreload Watching for file changes with StatReloader
INFO 2025-09-24 01:54:43,738 basehttp "GET / HTTP/1.1" 200 1591
INFO 2025-09-24 01:54:46,495 basehttp "GET /login/ HTTP/1.1" 200 2315
INFO 2025-09-24 01:54:59,835 basehttp "POST /login/ HTTP/1.1" 302 0
INFO 2025-09-24 01:54:59,854 basehttp "GET /student/dashboard/ HTTP/1.1" 302 0
INFO 2025-09-24 01:54:59,871 basehttp "GET /login/ HTTP/1.1" 200 2578
INFO 2025-09-24 01:57:22,105 autoreload C:\Users\prathmesh\Desktop\SmartAllot\smartallot\settings.py changed, reloading.
INFO 2025-09-24 01:57:23,791 autoreload Watching for file changes with StatReloader
INFO 2025-09-24 01:57:48,105 autoreload C:\Users\prathmesh\Desktop\SmartAllot\smartallot\settings.py changed, reloading.
INFO 2025-09-24 01:57:49,936 autoreload Watching for file changes with StatReloader
INFO 2025-09-24 01:57:55,938 basehttp "GET / HTTP/1.1" 200 1854
INFO 2025-09-24 01:58:00,113 basehttp "GET /login/ HTTP/1.1" 200 2578
INFO 2025-09-24 01:58:02,167 basehttp "POST /logout/ HTTP/1.1" 302 0
INFO 2025-09-24 01:58:02,176 basehttp "GET / HTTP/1.1" 200 1591
INFO 2025-09-24 01:58:03,770 basehttp "GET /login/ HTTP/1.1" 200 2315
INFO 2025-09-24 01:58:25,048 basehttp "POST /login/ HTTP/1.1" 302 0
INFO 2025-09-24 01:58:25,069 basehttp "GET /student/dashboard/ HTTP/1.1" 302 0
INFO 2025-09-24 01:58:25,086 basehttp "GET /login/ HTTP/1.1" 200 2578
INFO 2025-09-24 01:58:56,022 autoreload C:\Users\prathmesh\Desktop\SmartAllot\core\views.py changed, reloading.
INFO 2025-09-24 01:58:57,811 autoreload Watching for file changes with StatReloader
INFO 2025-09-24 01:59:00,157 autoreload C:\Users\prathmesh\Desktop\SmartAllot\core\views.py changed, reloading.
INFO 2025-09-24 01:59:01,748 autoreload Watching for file changes with StatReloader
INFO 2025-09-24 01:59:08,807 basehttp "GET / HTTP/1.1" 200 1854
INFO 2025-09-24 01:59:13,340 basehttp "GET /login/ HTTP/1.1" 200 2578
INFO 2025-09-24 01:59:14,790 basehttp "POST /logout/ HTTP/1.1" 302 0
INFO 2025-09-24 01:59:14,799 basehttp "GET / HTTP/1.1" 200 1591
INFO 2025-09-24 01:59:16,370 basehttp "GET /login/ HTTP/1.1" 200 2315
INFO 2025-09-24 02:01:03,855 autoreload Watching for file changes with StatReloader
INFO 2025-09-24 02:01:12,382 basehttp "GET / HTTP/1.1" 200 1591
INFO 2025-09-24 02:01:14,743 basehttp "GET /login/ HTTP/1.1" 200 2704
INFO 2025-09-24 02:01:24,757 basehttp "POST /login/ HTTP/1.1" 302 0
INFO 2025-09-24 02:01:24,777 basehttp "GET /student/dashboard/ HTTP/1.1" 302 0
INFO 2025-09-24 02:01:24,790 basehttp "GET /login/ HTTP/1.1" 200 2967
INFO 2025-09-24 02:03:16,509 basehttp "POST /logout/ HTTP/1.1" 302 0
INFO 2025-09-24 02:03:16,519 basehttp "GET / HTTP/1.1" 200 1591
INFO 2025-09-24 02:03:18,739 basehttp "GET /register/ HTTP/1.1" 200 4799
INFO 2025-09-24 02:03:30,443 basehttp "GET /login/ HTTP/1.1" 200 2704
INFO 2025-09-24 02:03:33,270 basehttp "GET /register/ HTTP/1.1" 200 4799
INFO 2025-09-24 02:04:45,934 basehttp "POST /register/ HTTP/1.1" 302 0
INFO 2025-09-24 02:04:45,998 basehttp "GET /student/dashboard/ HTTP/1.1" 200 2652
INFO 2025-09-24 02:04:58,382 basehttp "GET /student/dashboard/ HTTP/1.1" 200 2652
INFO 2025-09-24 02:05:00,418 basehttp "GET /student/dashboard/ HTTP/1.1" 200 2652
ERROR 2025-09-24 02:05:01,808 log Internal Server Error: /student/preferences/
Traceback (most recent call last):
  File "C:\Users\prathmesh\AppData\Local\Programs\Python\Python313\Lib\site-packages\django\db\backends\utils.py", line 105, in _execute
    return self.cursor.execute(sql, params)
           ~~~~~~~~~~~~~~~~~~~^^^^^^^^^^^^^
  File "C:\Users\prathmesh\AppData\Local\Programs\Python\Python313\Lib\site-packages\django\db\backends\sqlite3\base.py", line 328, in execute
    return super().execute(query, params)
           ~~~~~~~~~~~~~~~^^^^^^^^^^^^^^^
sqlite3.OperationalError: no such table: courses_course

The above exception was the direct cause of the following exception:

Traceback (most recent call last):
  File "C:\Users\prathmesh\AppData\Local\Programs\Python\Python313\Lib\site-packages\django\core\handlers\exception.py", line 55, in inner
    response = get_response(request)
  File "C:\Users\prathmesh\AppData\Local\Programs\Python\Python313\Lib\site-packages\django\core\handlers\base.py", line 197, in _get_response
    response = wrapped_callback(request, *callback_args, **callback_kwargs)
  File "C:\Users\prathmesh\AppData\Local\Programs\Python\Python313\Lib\site-packages\django\contrib\auth\decorators.py", line 23, in _wrapper_view
    return view_func(request, *args, **kwargs)
  File "C:\Users\prathmesh\Desktop\SmartAllot\students\views.py", line 81, in student_preferences_view
    'minor_courses_json': serializers.serialize('json', minor_courses),
                          ~~~~~~~~~~~~~~~~~~~~~^^^^^^^^^^^^^^^^^^^^^^^
  File "C:\Users\prathmesh\AppData\Local\Programs\Python\Python313\Lib\site-packages\django\core\serializers\__init__.py", line 134, in serialize
    s.serialize(queryset, **options)
    ~~~~~~~~~~~^^^^^^^^^^^^^^^^^^^^^
  File "C:\Users\prathmesh\AppData\Local\Programs\Python\Python313\Lib\site-packages\django\core\serializers\base.py", line 108, in serialize
    for count, obj in enumerate(queryset, start=1):
                      ~~~~~~~~~^^^^^^^^^^^^^^^^^^^
  File "C:\Users\prathmesh\AppData\Local\Programs\Python\Python313\Lib\site-packages\django\db\models\query.py", line 398, in __iter__
    self._fetch_all()
    ~~~~~~~~~~~~~~~^^
  File "C:\Users\prathmesh\AppData\Local\Programs\Python\Python313\Lib\site-packages\django\db\models\query.py", line 1926, in _fetch_all
    self._result_cache = list(self._iterable_class(self))
                         ~~~~^^^^^^^^^^^^^^^^^^^^^^^^^^^^
  File "C:\Users\prathmesh\AppData\Local\Programs\Python\Python313\Lib\site-packages\django\db\models\query.py", line 91, in __iter__
    results = compiler.execute_sql(
        chunked_fetch=self.chunked_fetch, chunk_size=self.chunk_size
    )
  File "C:\Users\prathmesh\AppData\Local\Programs\Python\Python313\Lib\site-packages\django\db\models\sql\compiler.py", line 1562, in execute_sql
    cursor.execute(sql, params)
    ~~~~~~~~~~~~~~^^^^^^^^^^^^^
  File "C:\Users\prathmesh\AppData\Local\Programs\Python\Python313\Lib\site-packages\django\db\backends\utils.py", line 122, in execute
    return super().execute(sql, params)
           ~~~~~~~~~~~~~~~^^^^^^^^^^^^^
  File "C:\Users\prathmesh\AppData\Local\Programs\Python\Python313\Lib\site-packages\django\db\backends\utils.py", line 79, in execute
    return self._execute_with_wrappers(
           ~~~~~~~~~~~~~~~~~~~~~~~~~~~^
        sql, params, many=False, executor=self._execute
        ^^^^^^^^^^^^^^^^^^^^^^^^^^^^^^^^^^^^^^^^^^^^^^^
    )
    ^
  File "C:\Users\prathmesh\AppData\Local\Programs\Python\Python313\Lib\site-packages\django\db\backends\utils.py", line 92, in _execute_with_wrappers
    return executor(sql, params, many, context)
  File "C:\Users\prathmesh\AppData\Local\Programs\Python\Python313\Lib\site-packages\django\db\backends\utils.py", line 100, in _execute
    with self.db.wrap_database_errors:
         ^^^^^^^^^^^^^^^^^^^^^^^^^^^^
  File "C:\Users\prathmesh\AppData\Local\Programs\Python\Python313\Lib\site-packages\django\db\utils.py", line 91, in __exit__
    raise dj_exc_value.with_traceback(traceback) from exc_value
  File "C:\Users\prathmesh\AppData\Local\Programs\Python\Python313\Lib\site-packages\django\db\backends\utils.py", line 105, in _execute
    return self.cursor.execute(sql, params)
           ~~~~~~~~~~~~~~~~~~~^^^^^^^^^^^^^
  File "C:\Users\prathmesh\AppData\Local\Programs\Python\Python313\Lib\site-packages\django\db\backends\sqlite3\base.py", line 328, in execute
    return super().execute(query, params)
           ~~~~~~~~~~~~~~~^^^^^^^^^^^^^^^
django.db.utils.OperationalError: no such table: courses_course
ERROR 2025-09-24 02:05:01,824 basehttp "GET /student/preferences/ HTTP/1.1" 500 147910
INFO 2025-09-24 02:18:49,460 autoreload Watching for file changes with StatReloader
INFO 2025-09-24 02:18:54,872 basehttp "GET / HTTP/1.1" 200 1591
INFO 2025-09-24 02:18:57,321 basehttp "GET /login/ HTTP/1.1" 200 2704
INFO 2025-09-24 02:19:06,730 basehttp "POST /login/ HTTP/1.1" 200 2937
INFO 2025-09-24 02:19:16,543 basehttp "POST /login/ HTTP/1.1" 302 0
INFO 2025-09-24 02:19:16,564 basehttp "GET /student/dashboard/ HTTP/1.1" 302 0
INFO 2025-09-24 02:19:16,579 basehttp "GET /login/ HTTP/1.1" 200 2967
INFO 2025-09-24 02:19:24,874 basehttp "GET /register/ HTTP/1.1" 200 5062
INFO 2025-09-24 02:20:26,210 basehttp "POST /register/ HTTP/1.1" 302 0
INFO 2025-09-24 02:20:26,246 basehttp "GET /student/dashboard/ HTTP/1.1" 200 2662
INFO 2025-09-24 02:20:29,560 basehttp "GET /student/dashboard/ HTTP/1.1" 200 2662
INFO 2025-09-24 02:20:50,387 basehttp "GET /student/dashboard/ HTTP/1.1" 200 2662
INFO 2025-09-24 02:20:51,686 basehttp "GET /student/preferences/ HTTP/1.1" 200 7793
INFO 2025-09-24 02:21:00,206 basehttp "GET /student/dashboard/ HTTP/1.1" 200 2662
INFO 2025-09-24 02:21:01,152 basehttp "GET /student/preferences/ HTTP/1.1" 200 7793
INFO 2025-09-24 02:21:51,424 basehttp "POST /logout/ HTTP/1.1" 302 0
INFO 2025-09-24 02:21:51,431 basehttp "GET / HTTP/1.1" 200 1591
INFO 2025-09-24 02:21:53,265 basehttp "GET /login/ HTTP/1.1" 200 2704
INFO 2025-09-24 02:21:56,139 basehttp "GET /login/ HTTP/1.1" 200 2704
INFO 2025-09-24 02:22:05,481 basehttp "POST /login/ HTTP/1.1" 200 2937
INFO 2025-09-24 02:22:18,494 basehttp "POST /login/ HTTP/1.1" 302 0
INFO 2025-09-24 02:22:18,513 basehttp "GET /student/dashboard/ HTTP/1.1" 200 2662
INFO 2025-09-24 02:22:23,281 basehttp "GET /logout/ HTTP/1.1" 302 0
INFO 2025-09-24 02:22:23,290 basehttp "GET / HTTP/1.1" 200 1591
INFO 2025-09-24 02:22:53,839 basehttp "GET /admin/ HTTP/1.1" 302 0
INFO 2025-09-24 02:22:53,913 basehttp "GET /admin/login/?next=/admin/ HTTP/1.1" 200 4161
INFO 2025-09-24 02:23:06,023 basehttp "POST /admin/login/?next=/admin/ HTTP/1.1" 302 0
INFO 2025-09-24 02:23:06,060 basehttp "GET /admin/ HTTP/1.1" 200 6230
INFO 2025-09-24 02:23:06,197 basehttp "GET /static/admin/css/dashboard.css HTTP/1.1" 200 441
INFO 2025-09-24 02:23:06,224 basehttp "GET /static/admin/img/icon-changelink.svg HTTP/1.1" 200 380
INFO 2025-09-24 02:23:06,227 basehttp "GET /static/admin/img/icon-addlink.svg HTTP/1.1" 200 331
INFO 2025-09-24 02:23:09,323 basehttp "GET /admin/core/allocation/add/ HTTP/1.1" 200 17545
INFO 2025-09-24 02:23:09,370 basehttp "GET /static/admin/js/collapse.js HTTP/1.1" 200 1803
INFO 2025-09-24 02:23:09,370 basehttp "GET /static/admin/css/forms.css HTTP/1.1" 200 9048
INFO 2025-09-24 02:23:09,372 basehttp "GET /static/admin/js/jquery.init.js HTTP/1.1" 200 347
INFO 2025-09-24 02:23:09,373 basehttp "GET /static/admin/js/core.js HTTP/1.1" 200 6208
INFO 2025-09-24 02:23:09,381 basehttp "GET /static/admin/js/actions.js HTTP/1.1" 200 8067
INFO 2025-09-24 02:23:09,382 basehttp "GET /static/admin/js/admin/RelatedObjectLookups.js HTTP/1.1" 200 9042
INFO 2025-09-24 02:23:09,383 basehttp "GET /static/admin/js/prepopulate.js HTTP/1.1" 200 1531
INFO 2025-09-24 02:23:09,385 basehttp "GET /static/admin/js/urlify.js HTTP/1.1" 200 7887
INFO 2025-09-24 02:23:09,397 basehttp "GET /static/admin/css/widgets.css HTTP/1.1" 200 11800
INFO 2025-09-24 02:23:09,398 basehttp "GET /admin/jsi18n/ HTTP/1.1" 200 3342
INFO 2025-09-24 02:23:09,398 basehttp "GET /static/admin/js/prepopulate_init.js HTTP/1.1" 200 586
INFO 2025-09-24 02:23:09,402 basehttp "GET /static/admin/js/vendor/jquery/jquery.js HTTP/1.1" 200 285314
INFO 2025-09-24 02:23:09,404 basehttp "GET /static/admin/js/vendor/xregexp/xregexp.js HTTP/1.1" 200 325171
INFO 2025-09-24 02:23:09,446 basehttp "GET /static/admin/img/icon-viewlink.svg HTTP/1.1" 200 581
INFO 2025-09-24 02:23:09,447 basehttp "GET /static/admin/img/icon-deletelink.svg HTTP/1.1" 200 392
INFO 2025-09-24 02:23:09,450 basehttp "GET /static/admin/js/change_form.js HTTP/1.1" 200 606
INFO 2025-09-24 02:23:28,810 basehttp "POST /admin/core/allocation/add/ HTTP/1.1" 200 17708
INFO 2025-09-24 02:23:28,847 basehttp "GET /admin/jsi18n/ HTTP/1.1" 200 3342
INFO 2025-09-24 02:23:33,658 basehttp "GET /admin/auth/user/2/change/?_to_field=id HTTP/1.1" 200 24027
INFO 2025-09-24 02:23:33,693 basehttp "GET /static/admin/js/calendar.js HTTP/1.1" 200 9141
INFO 2025-09-24 02:23:33,694 basehttp "GET /static/admin/js/SelectBox.js HTTP/1.1" 200 4530
INFO 2025-09-24 02:23:33,694 basehttp "GET /static/admin/js/SelectFilter2.js HTTP/1.1" 200 15492
INFO 2025-09-24 02:23:33,694 basehttp "GET /static/admin/js/admin/DateTimeShortcuts.js HTTP/1.1" 200 19319
INFO 2025-09-24 02:23:33,701 basehttp "GET /admin/jsi18n/ HTTP/1.1" 200 3342
INFO 2025-09-24 02:23:33,803 basehttp "GET /static/admin/img/search.svg HTTP/1.1" 200 458
INFO 2025-09-24 02:23:33,803 basehttp "GET /static/admin/img/icon-unknown.svg HTTP/1.1" 200 655
INFO 2025-09-24 02:23:33,805 basehttp "GET /static/admin/img/icon-unknown-alt.svg HTTP/1.1" 200 655
INFO 2025-09-24 02:23:33,806 basehttp "GET /static/admin/img/icon-clock.svg HTTP/1.1" 200 677
INFO 2025-09-24 02:23:33,806 basehttp "GET /static/admin/img/icon-calendar.svg HTTP/1.1" 200 1086
INFO 2025-09-24 02:23:33,808 basehttp "GET /static/admin/img/selector-icons.svg HTTP/1.1" 200 3291
INFO 2025-09-24 02:23:50,774 basehttp "GET /admin/ HTTP/1.1" 200 6230
INFO 2025-09-24 02:24:02,877 basehttp "GET /admin/core/allocation/add/ HTTP/1.1" 200 17545
INFO 2025-09-24 02:24:02,918 basehttp "GET /admin/jsi18n/ HTTP/1.1" 200 3342
INFO 2025-09-24 02:24:04,955 basehttp "GET /admin/auth/user/add/?_to_field=id&_popup=1 HTTP/1.1" 200 6765
INFO 2025-09-24 02:24:04,975 basehttp "GET /admin/jsi18n/ HTTP/1.1" 200 3342
INFO 2025-09-24 02:24:08,268 basehttp "GET /admin/ HTTP/1.1" 200 6230
WARNING 2025-09-24 02:25:10,577 log Not Found: /admin/engine/
WARNING 2025-09-24 02:25:10,579 basehttp "GET /admin/engine/ HTTP/1.1" 404 4494
INFO 2025-09-24 02:27:04,557 autoreload C:\Users\prathmesh\Desktop\SmartAllot\core\admin.py changed, reloading.
INFO 2025-09-24 02:27:06,327 autoreload Watching for file changes with StatReloader
INFO 2025-09-24 02:27:26,559 autoreload C:\Users\prathmesh\Desktop\SmartAllot\students\admin.py changed, reloading.
INFO 2025-09-24 02:27:28,197 autoreload Watching for file changes with StatReloader
INFO 2025-09-24 02:27:41,101 autoreload C:\Users\prathmesh\Desktop\SmartAllot\courses\admin.py changed, reloading.
INFO 2025-09-24 02:27:42,742 autoreload Watching for file changes with StatReloader
INFO 2025-09-24 02:27:59,007 autoreload Watching for file changes with StatReloader
INFO 2025-09-24 02:28:04,911 basehttp "GET / HTTP/1.1" 200 1854
INFO 2025-09-24 02:28:07,605 basehttp "POST /logout/ HTTP/1.1" 302 0
INFO 2025-09-24 02:28:07,614 basehttp "GET / HTTP/1.1" 200 1591
INFO 2025-09-24 02:28:12,089 basehttp "GET /admin/ HTTP/1.1" 302 0
INFO 2025-09-24 02:28:12,143 basehttp "GET /admin/login/?next=/admin/ HTTP/1.1" 200 4158
INFO 2025-09-24 02:28:23,842 basehttp "POST /admin/login/?next=/admin/ HTTP/1.1" 302 0
INFO 2025-09-24 02:28:23,886 basehttp "GET /admin/ HTTP/1.1" 200 9251
INFO 2025-09-24 02:28:30,598 basehttp "GET /admin/students/preference/add/ HTTP/1.1" 200 14597
INFO 2025-09-24 02:28:30,644 basehttp "GET /admin/jsi18n/ HTTP/1.1" 200 3342
INFO 2025-09-24 02:28:46,678 basehttp "GET /admin/students/ HTTP/1.1" 200 5513
INFO 2025-09-24 02:28:50,610 basehttp "GET /admin/ HTTP/1.1" 200 9251
INFO 2025-09-24 02:28:53,710 basehttp "GET /admin/courses/course/add/ HTTP/1.1" 200 13664
INFO 2025-09-24 02:28:53,750 basehttp "GET /admin/jsi18n/ HTTP/1.1" 200 3342
INFO 2025-09-24 02:29:17,491 basehttp "POST /admin/courses/course/add/ HTTP/1.1" 302 0
INFO 2025-09-24 02:29:17,553 basehttp "GET /admin/courses/course/ HTTP/1.1" 200 11222
INFO 2025-09-24 02:29:17,607 basehttp "GET /admin/jsi18n/ HTTP/1.1" 200 3342
INFO 2025-09-24 02:29:17,714 basehttp "GET /static/admin/css/changelists.css HTTP/1.1" 200 6811
INFO 2025-09-24 02:29:17,739 basehttp "GET /static/admin/js/filters.js HTTP/1.1" 200 978
INFO 2025-09-24 02:29:17,754 basehttp "GET /static/admin/img/icon-yes.svg HTTP/1.1" 200 436
INFO 2025-09-24 02:29:17,755 basehttp "GET /static/admin/img/tooltag-add.svg HTTP/1.1" 200 331
INFO 2025-09-24 02:29:20,711 basehttp "GET /admin/courses/course/add/ HTTP/1.1" 200 13664
INFO 2025-09-24 02:29:20,754 basehttp "GET /admin/jsi18n/ HTTP/1.1" 200 3342
INFO 2025-09-24 02:29:48,749 basehttp "POST /admin/courses/course/add/ HTTP/1.1" 302 0
INFO 2025-09-24 02:29:48,783 basehttp "GET /admin/courses/course/ HTTP/1.1" 200 11527
INFO 2025-09-24 02:29:48,827 basehttp "GET /admin/jsi18n/ HTTP/1.1" 200 3342
INFO 2025-09-24 02:29:52,552 basehttp "GET /admin/ HTTP/1.1" 200 10016
INFO 2025-09-24 02:29:54,573 basehttp "GET /admin/courses/eligibilityrule/add/ HTTP/1.1" 200 13056
INFO 2025-09-24 02:29:54,625 basehttp "GET /admin/jsi18n/ HTTP/1.1" 200 3342
INFO 2025-09-24 02:30:22,345 basehttp "POST /admin/courses/eligibilityrule/add/ HTTP/1.1" 200 13237
INFO 2025-09-24 02:30:22,377 basehttp "GET /admin/jsi18n/ HTTP/1.1" 200 3342
INFO 2025-09-24 02:31:09,931 basehttp "GET /admin/ HTTP/1.1" 200 10016
INFO 2025-09-24 02:31:18,034 basehttp "GET /admin/core/allocation/add/ HTTP/1.1" 200 20745
INFO 2025-09-24 02:31:18,080 basehttp "GET /admin/jsi18n/ HTTP/1.1" 200 3342
INFO 2025-09-24 02:31:23,940 basehttp "GET /admin/ HTTP/1.1" 200 10016
INFO 2025-09-24 02:31:26,308 basehttp "GET /admin/core/item/ HTTP/1.1" 200 9673
INFO 2025-09-24 02:31:26,349 basehttp "GET /admin/jsi18n/ HTTP/1.1" 200 3342
INFO 2025-09-24 02:31:28,683 basehttp "GET /admin/core/item/add/ HTTP/1.1" 200 11694
INFO 2025-09-24 02:31:28,726 basehttp "GET /admin/jsi18n/ HTTP/1.1" 200 3342
INFO 2025-09-24 02:31:33,758 basehttp "GET /admin/ HTTP/1.1" 200 10016
INFO 2025-09-24 02:31:36,228 basehttp "GET /admin/core/project/ HTTP/1.1" 200 9694
INFO 2025-09-24 02:31:36,272 basehttp "GET /admin/jsi18n/ HTTP/1.1" 200 3342
INFO 2025-09-24 02:31:40,215 basehttp "GET / HTTP/1.1" 200 1854
INFO 2025-09-24 02:31:44,007 basehttp "POST /logout/ HTTP/1.1" 302 0
INFO 2025-09-24 02:31:44,015 basehttp "GET / HTTP/1.1" 200 1591
INFO 2025-09-24 13:15:06,132 autoreload Watching for file changes with StatReloader
INFO 2025-09-24 13:15:13,449 basehttp "GET / HTTP/1.1" 200 1591
WARNING 2025-09-24 13:15:13,976 log Not Found: /favicon.ico
WARNING 2025-09-24 13:15:13,977 basehttp "GET /favicon.ico HTTP/1.1" 404 3185
INFO 2025-09-24 13:15:16,318 basehttp "GET /login/ HTTP/1.1" 200 2704
INFO 2025-09-24 13:15:26,503 basehttp "POST /login/ HTTP/1.1" 200 2937
INFO 2025-09-24 13:15:32,899 basehttp "POST /login/ HTTP/1.1" 200 2937
INFO 2025-09-24 13:15:35,839 basehttp "GET /register/ HTTP/1.1" 200 4799
INFO 2025-09-24 13:16:52,401 basehttp "POST /register/ HTTP/1.1" 302 0
INFO 2025-09-24 13:16:52,442 basehttp "GET /student/dashboard/ HTTP/1.1" 200 2654
INFO 2025-09-24 13:16:56,375 basehttp "GET /student/preferences/ HTTP/1.1" 200 8208
INFO 2025-09-24 13:17:01,272 basehttp "GET /student/dashboard/ HTTP/1.1" 200 2654
INFO 2025-09-24 13:17:10,171 basehttp "GET /student/preferences/ HTTP/1.1" 200 8208
INFO 2025-09-24 13:17:14,715 basehttp "GET /logout/ HTTP/1.1" 302 0
INFO 2025-09-24 13:17:14,724 basehttp "GET / HTTP/1.1" 200 1591
INFO 2025-09-24 13:17:21,773 basehttp "GET /login/ HTTP/1.1" 200 2704
INFO 2025-09-24 13:17:28,177 basehttp "GET /admin/ HTTP/1.1" 302 0
INFO 2025-09-24 13:17:28,341 basehttp "GET /admin/login/?next=/admin/ HTTP/1.1" 200 4158
INFO 2025-09-24 13:17:43,150 basehttp "POST /admin/login/?next=/admin/ HTTP/1.1" 302 0
INFO 2025-09-24 13:17:43,254 basehttp "GET /admin/ HTTP/1.1" 200 10016
INFO 2025-09-24 13:17:49,278 basehttp "GET /admin/students/preference/ HTTP/1.1" 200 9731
INFO 2025-09-24 13:17:49,390 basehttp "GET /admin/jsi18n/ HTTP/1.1" 200 3342
INFO 2025-09-24 13:17:51,779 basehttp "GET /admin/students/preference/add/ HTTP/1.1" 200 14757
INFO 2025-09-24 13:17:51,823 basehttp "GET /admin/jsi18n/ HTTP/1.1" 200 3342
INFO 2025-09-24 13:17:58,922 basehttp "GET /admin/students/student/add/?_to_field=id&_popup=1 HTTP/1.1" 200 10677
INFO 2025-09-24 13:17:58,950 basehttp "GET /admin/jsi18n/ HTTP/1.1" 200 3342
INFO 2025-09-24 13:18:08,526 basehttp "POST /admin/students/preference/add/ HTTP/1.1" 200 15179
INFO 2025-09-24 13:18:08,562 basehttp "GET /admin/jsi18n/ HTTP/1.1" 200 3342
INFO 2025-09-24 13:18:10,804 basehttp "GET /admin/students/ HTTP/1.1" 200 5513
INFO 2025-09-24 13:18:12,304 basehttp "GET /admin/ HTTP/1.1" 200 10016
INFO 2025-09-24 13:18:15,732 basehttp "GET /admin/courses/course/ HTTP/1.1" 200 11307
INFO 2025-09-24 13:18:15,777 basehttp "GET /admin/jsi18n/ HTTP/1.1" 200 3342
INFO 2025-09-24 13:18:18,560 basehttp "GET /admin/courses/course/add/ HTTP/1.1" 200 13664
INFO 2025-09-24 13:18:18,603 basehttp "GET /admin/jsi18n/ HTTP/1.1" 200 3342
INFO 2025-09-24 13:18:59,701 basehttp "POST /admin/courses/course/add/ HTTP/1.1" 302 0
INFO 2025-09-24 13:18:59,738 basehttp "GET /admin/courses/course/ HTTP/1.1" 200 11801
INFO 2025-09-24 13:18:59,781 basehttp "GET /admin/jsi18n/ HTTP/1.1" 200 3342
INFO 2025-09-24 13:19:07,250 basehttp "GET /admin/ HTTP/1.1" 200 10372
INFO 2025-09-24 13:19:13,724 basehttp "GET /admin/students/student/ HTTP/1.1" 200 11262
INFO 2025-09-24 13:19:13,773 basehttp "GET /admin/jsi18n/ HTTP/1.1" 200 3342
INFO 2025-09-24 13:19:32,702 basehttp "GET /admin/ HTTP/1.1" 200 10372
INFO 2025-09-24 13:19:36,533 basehttp "GET /admin/core/allocation/ HTTP/1.1" 200 11753
INFO 2025-09-24 13:19:36,579 basehttp "GET /admin/jsi18n/ HTTP/1.1" 200 3342
INFO 2025-09-24 13:19:38,990 basehttp "GET /admin/core/allocation/add/ HTTP/1.1" 200 20819
INFO 2025-09-24 13:19:39,038 basehttp "GET /admin/jsi18n/ HTTP/1.1" 200 3342
INFO 2025-09-24 13:19:44,332 basehttp "GET /admin/core/item/add/?_to_field=id&_popup=1 HTTP/1.1" 200 5612
INFO 2025-09-24 13:19:44,355 basehttp "GET /admin/jsi18n/ HTTP/1.1" 200 3342
INFO 2025-09-24 13:20:02,228 basehttp "GET /static/admin/img/calendar-icons.svg HTTP/1.1" 200 1094
INFO 2025-09-24 13:20:08,175 basehttp "POST /admin/core/allocation/add/ HTTP/1.1" 200 21018
INFO 2025-09-24 13:20:08,213 basehttp "GET /admin/jsi18n/ HTTP/1.1" 200 3342
INFO 2025-09-24 13:20:10,662 basehttp "GET /admin/core/item/add/?_to_field=id&_popup=1 HTTP/1.1" 200 5612
INFO 2025-09-24 13:20:10,687 basehttp "GET /admin/jsi18n/ HTTP/1.1" 200 3342
INFO 2025-09-24 13:20:15,738 basehttp "POST /admin/core/item/add/?_to_field=id&_popup=1 HTTP/1.1" 200 5790
INFO 2025-09-24 13:20:15,769 basehttp "GET /admin/jsi18n/ HTTP/1.1" 200 3342
INFO 2025-09-24 13:20:19,854 basehttp "GET /admin/ HTTP/1.1" 200 10372
INFO 2025-09-24 13:20:22,725 basehttp "GET /admin/auth/group/ HTTP/1.1" 200 10033
INFO 2025-09-24 13:20:22,771 basehttp "GET /admin/jsi18n/ HTTP/1.1" 200 3342
INFO 2025-09-24 13:20:24,962 basehttp "GET /admin/ HTTP/1.1" 200 10372
INFO 2025-09-24 13:20:32,646 basehttp "GET /admin/courses/eligibilityrule/add/ HTTP/1.1" 200 13104
INFO 2025-09-24 13:20:32,701 basehttp "GET /admin/jsi18n/ HTTP/1.1" 200 3342
INFO 2025-09-24 13:21:00,870 basehttp "POST /admin/courses/eligibilityrule/add/ HTTP/1.1" 200 13350
INFO 2025-09-24 13:21:00,911 basehttp "GET /admin/jsi18n/ HTTP/1.1" 200 3342
INFO 2025-09-24 13:21:07,673 basehttp "POST /admin/courses/eligibilityrule/add/ HTTP/1.1" 200 13263
INFO 2025-09-24 13:21:07,706 basehttp "GET /admin/jsi18n/ HTTP/1.1" 200 3342
INFO 2025-09-24 13:21:10,674 basehttp "GET /admin/ HTTP/1.1" 200 10372
INFO 2025-09-24 13:21:18,608 basehttp "GET /admin/courses/eligibilityrule/add/ HTTP/1.1" 200 13104
INFO 2025-09-24 13:21:19,184 basehttp "GET /admin/ HTTP/1.1" 200 10372
INFO 2025-09-24 13:21:20,626 basehttp "GET /admin/core/allocation/add/ HTTP/1.1" 200 20819
INFO 2025-09-24 13:21:21,339 basehttp "GET /admin/core/allocation/ HTTP/1.1" 200 11753
INFO 2025-09-24 13:21:21,998 basehttp "GET /admin/ HTTP/1.1" 200 10372
INFO 2025-09-24 13:21:22,603 basehttp "GET /admin/students/student/ HTTP/1.1" 200 11262
INFO 2025-09-24 13:21:23,285 basehttp "GET /admin/ HTTP/1.1" 200 10372
INFO 2025-09-24 13:21:24,420 basehttp "GET /admin/courses/course/ HTTP/1.1" 200 11591
INFO 2025-09-24 13:21:25,035 basehttp "GET /admin/courses/course/add/ HTTP/1.1" 200 13664
INFO 2025-09-24 13:21:25,612 basehttp "GET /admin/courses/course/ HTTP/1.1" 200 11591
INFO 2025-09-24 13:21:26,296 basehttp "GET /admin/ HTTP/1.1" 200 10372
INFO 2025-09-24 13:21:26,974 basehttp "GET /admin/students/ HTTP/1.1" 200 5513
INFO 2025-09-24 13:21:28,464 basehttp "GET /admin/students/preference/add/ HTTP/1.1" 200 14805
INFO 2025-09-24 13:21:29,353 basehttp "GET /admin/students/preference/ HTTP/1.1" 200 9731
INFO 2025-09-24 13:21:29,912 basehttp "GET /admin/ HTTP/1.1" 200 10372
INFO 2025-09-24 13:21:31,177 basehttp "GET /admin/login/?next=/admin/ HTTP/1.1" 302 0
INFO 2025-09-24 13:21:31,204 basehttp "GET /admin/ HTTP/1.1" 200 10372
INFO 2025-09-24 13:21:31,900 basehttp "GET /login/ HTTP/1.1" 200 2967
INFO 2025-09-24 13:21:32,506 basehttp "GET / HTTP/1.1" 200 1854
INFO 2025-09-24 13:21:34,606 basehttp "POST /logout/ HTTP/1.1" 302 0
INFO 2025-09-24 13:21:34,615 basehttp "GET / HTTP/1.1" 200 1591
INFO 2025-09-24 13:27:32,690 autoreload Watching for file changes with StatReloader
INFO 2025-09-29 22:43:46,472 autoreload Watching for file changes with StatReloader
ERROR 2025-09-29 22:43:53,612 log Internal Server Error: /
Traceback (most recent call last):
  File "C:\Users\prathmesh\AppData\Local\Programs\Python\Python313\Lib\site-packages\django\core\handlers\exception.py", line 55, in inner
    response = get_response(request)
  File "C:\Users\prathmesh\AppData\Local\Programs\Python\Python313\Lib\site-packages\django\core\handlers\base.py", line 197, in _get_response
    response = wrapped_callback(request, *callback_args, **callback_kwargs)
  File "C:\Users\prathmesh\Desktop\SmartAllot\core\views.py", line 10, in home
    return render(request, 'core/home.html')
  File "C:\Users\prathmesh\AppData\Local\Programs\Python\Python313\Lib\site-packages\django\shortcuts.py", line 24, in render
    content = loader.render_to_string(template_name, context, request, using=using)
  File "C:\Users\prathmesh\AppData\Local\Programs\Python\Python313\Lib\site-packages\django\template\loader.py", line 61, in render_to_string
    template = get_template(template_name, using=using)
  File "C:\Users\prathmesh\AppData\Local\Programs\Python\Python313\Lib\site-packages\django\template\loader.py", line 19, in get_template
    raise TemplateDoesNotExist(template_name, chain=chain)
django.template.exceptions.TemplateDoesNotExist: core/home.html
ERROR 2025-09-29 22:43:53,615 basehttp "GET / HTTP/1.1" 500 82629
WARNING 2025-09-29 22:43:54,027 log Not Found: /favicon.ico
WARNING 2025-09-29 22:43:54,027 basehttp "GET /favicon.ico HTTP/1.1" 404 3002
INFO 2025-09-29 22:45:34,045 autoreload C:\Users\prathmesh\Desktop\SmartAllot\core\views.py changed, reloading.
INFO 2025-09-29 22:45:35,414 autoreload Watching for file changes with StatReloader
INFO 2025-09-29 22:45:56,629 autoreload C:\Users\prathmesh\Desktop\SmartAllot\core\views.py changed, reloading.
INFO 2025-09-29 22:45:57,779 autoreload Watching for file changes with StatReloader
INFO 2025-09-29 22:49:06,722 basehttp "GET / HTTP/1.1" 200 1591
ERROR 2025-09-29 22:49:09,213 log Internal Server Error: /login/
Traceback (most recent call last):
  File "C:\Users\prathmesh\AppData\Local\Programs\Python\Python313\Lib\site-packages\django\core\handlers\exception.py", line 55, in inner
    response = get_response(request)
  File "C:\Users\prathmesh\AppData\Local\Programs\Python\Python313\Lib\site-packages\django\core\handlers\base.py", line 197, in _get_response
    response = wrapped_callback(request, *callback_args, **callback_kwargs)
  File "C:\Users\prathmesh\Desktop\SmartAllot\core\views.py", line 45, in login_view
    return render(request, 'core/registration/login.html', {'form': form})
  File "C:\Users\prathmesh\AppData\Local\Programs\Python\Python313\Lib\site-packages\django\shortcuts.py", line 24, in render
    content = loader.render_to_string(template_name, context, request, using=using)
  File "C:\Users\prathmesh\AppData\Local\Programs\Python\Python313\Lib\site-packages\django\template\loader.py", line 61, in render_to_string
    template = get_template(template_name, using=using)
  File "C:\Users\prathmesh\AppData\Local\Programs\Python\Python313\Lib\site-packages\django\template\loader.py", line 19, in get_template
    raise TemplateDoesNotExist(template_name, chain=chain)
django.template.exceptions.TemplateDoesNotExist: core/registration/login.html
ERROR 2025-09-29 22:49:09,215 basehttp "GET /login/ HTTP/1.1" 500 83709
INFO 2025-09-29 22:53:09,511 autoreload C:\Users\prathmesh\Desktop\SmartAllot\core\views.py changed, reloading.
INFO 2025-09-29 22:53:10,584 autoreload Watching for file changes with StatReloader
INFO 2025-09-29 22:53:35,907 autoreload C:\Users\prathmesh\Desktop\SmartAllot\core\views.py changed, reloading.
INFO 2025-09-29 22:53:36,819 autoreload Watching for file changes with StatReloader
